Log file open, 05/05/18 22:44:33
LogWindows: Failed to load 'aqProf.dll' (GetLastError=126)
LogWindows: File 'aqProf.dll' does not exist
LogWindows: Failed to load 'VtuneApi.dll' (GetLastError=126)
LogWindows: File 'VtuneApi.dll' does not exist
LogWindows: Failed to load 'VtuneApi32e.dll' (GetLastError=126)
LogWindows: File 'VtuneApi32e.dll' does not exist
LogInit: Display: Running engine for game: Coursework2
LogPlatformFile: Not using cached read wrapper
LogInit: Display: RandInit(424803896) SRandInit(424803897).
LogInit: Read version file with build ID '3709383'
LogInit: Overriding engine version to CL 3832480, compatible CL 3709383
LogInit: Registered custom module enumerator with build ID '3709383'
LogTaskGraph: Started task graph with 5 named threads and 14 total threads with 3 sets of task threads.
LogStats: Stats thread started at 0.162170
LogD3D11RHI: Aftermath initialized
LogModuleManager: Display: Found up-to-date module file ../../../Engine/Plugins/2D/Paper2D/Binaries/Win64/UE4Editor-Paper2D.dll (API version 3709383).
LogModuleManager: Display: Found up-to-date module file ../../../Engine/Plugins/2D/Paper2D/Binaries/Win64/UE4Editor-Paper2DEditor.dll (API version 3709383).
LogModuleManager: Display: Found up-to-date module file ../../../Engine/Plugins/2D/Paper2D/Binaries/Win64/UE4Editor-PaperSpriteSheetImporter.dll (API version 3709383).
LogModuleManager: Display: Found up-to-date module file ../../../Engine/Plugins/2D/Paper2D/Binaries/Win64/UE4Editor-PaperTiledImporter.dll (API version 3709383).
LogModuleManager: Display: Found up-to-date module file ../../../Engine/Plugins/2D/Paper2D/Binaries/Win64/UE4Editor-SmartSnapping.dll (API version 3709383).
LogModuleManager: Display: Found up-to-date module file ../../../Engine/Plugins/Blendables/LightPropagationVolume/Binaries/Win64/UE4Editor-LightPropagationVolumeRuntime.dll (API version 3709383).
LogModuleManager: Display: Found up-to-date module file ../../../Engine/Plugins/Blendables/LightPropagationVolume/Binaries/Win64/UE4Editor-LightPropagationVolumeEditor.dll (API version 3709383).
LogModuleManager: Display: Found up-to-date module file ../../../Engine/Plugins/Developer/GitSourceControl/Binaries/Win64/UE4Editor-GitSourceControl.dll (API version 3709383).
LogModuleManager: Display: Found up-to-date module file ../../../Engine/Plugins/Developer/PerforceSourceControl/Binaries/Win64/UE4Editor-PerforceSourceControl.dll (API version 3709383).
LogModuleManager: Display: Found up-to-date module file ../../../Engine/Plugins/Developer/SubversionSourceControl/Binaries/Win64/UE4Editor-SubversionSourceControl.dll (API version 3709383).
LogModuleManager: Display: Found up-to-date module file ../../../Engine/Plugins/Developer/UObjectPlugin/Binaries/Win64/UE4Editor-UObjectPlugin.dll (API version 3709383).
LogModuleManager: Display: Found up-to-date module file ../../../Engine/Plugins/Developer/VisualStudioCodeSourceCodeAccess/Binaries/Win64/UE4Editor-VisualStudioCodeSourceCodeAccess.dll (API version 3709383).
LogModuleManager: Display: Found up-to-date module file ../../../Engine/Plugins/Developer/VisualStudioSourceCodeAccess/Binaries/Win64/UE4Editor-VisualStudioSourceCodeAccess.dll (API version 3709383).
LogModuleManager: Display: Found up-to-date module file ../../../Engine/Plugins/Editor/AssetManagerEditor/Binaries/Win64/UE4Editor-AssetManagerEditor.dll (API version 3709383).
LogModuleManager: Display: Found up-to-date module file ../../../Engine/Plugins/Editor/AudioCapture/Binaries/Win64/UE4Editor-AudioCapture.dll (API version 3709383).
LogModuleManager: Display: Found up-to-date module file ../../../Engine/Plugins/Editor/FacialAnimation/Binaries/Win64/UE4Editor-FacialAnimation.dll (API version 3709383).
LogModuleManager: Display: Found up-to-date module file ../../../Engine/Plugins/Editor/FacialAnimation/Binaries/Win64/UE4Editor-FacialAnimationEditor.dll (API version 3709383).
LogModuleManager: Display: Found up-to-date module file ../../../Engine/Plugins/Editor/GameplayTagsEditor/Binaries/Win64/UE4Editor-GameplayTagsEditor.dll (API version 3709383).
LogModuleManager: Display: Found up-to-date module file ../../../Engine/Plugins/Editor/MobileLauncherProfileWizard/Binaries/Win64/UE4Editor-MobileLauncherProfileWizard.dll (API version 3709383).
LogModuleManager: Display: Found up-to-date module file ../../../Engine/Plugins/Editor/PluginBrowser/Binaries/Win64/UE4Editor-PluginBrowser.dll (API version 3709383).
LogModuleManager: Display: Found up-to-date module file ../../../Engine/Plugins/Editor/SpeedTreeImporter/Binaries/Win64/UE4Editor-SpeedTreeImporter.dll (API version 3709383).
LogModuleManager: Display: Found up-to-date module file ../../../Engine/Plugins/Experimental/AlembicImporter/Binaries/Win64/UE4Editor-AlembicImporter.dll (API version 3709383).
LogModuleManager: Display: Found up-to-date module file ../../../Engine/Plugins/Experimental/AlembicImporter/Binaries/Win64/UE4Editor-AlembicLibrary.dll (API version 3709383).
LogModuleManager: Display: Found up-to-date module file ../../../Engine/Plugins/Experimental/CharacterAI/Binaries/Win64/UE4Editor-CharacterAI.dll (API version 3709383).
LogModuleManager: Display: Found up-to-date module file ../../../Engine/Plugins/Experimental/HTML5Networking/Binaries/Win64/UE4Editor-HTML5Networking.dll (API version 3709383).
LogModuleManager: Display: Found up-to-date module file ../../../Engine/Plugins/Media/AndroidMedia/Binaries/Win64/UE4Editor-AndroidMediaEditor.dll (API version 3709383).
LogModuleManager: Display: Found up-to-date module file ../../../Engine/Plugins/Media/AndroidMedia/Binaries/Win64/UE4Editor-AndroidMediaFactory.dll (API version 3709383).
LogModuleManager: Display: Found up-to-date module file ../../../Engine/Plugins/Media/AvfMedia/Binaries/Win64/UE4Editor-AvfMediaEditor.dll (API version 3709383).
LogModuleManager: Display: Found up-to-date module file ../../../Engine/Plugins/Media/AvfMedia/Binaries/Win64/UE4Editor-AvfMediaFactory.dll (API version 3709383).
LogModuleManager: Display: Found up-to-date module file ../../../Engine/Plugins/Media/AvfMedia/Binaries/Win64/UE4Editor-AvfMediaFactory.dll (API version 3709383).
LogModuleManager: Display: Found up-to-date module file ../../../Engine/Plugins/Media/ImgMedia/Binaries/Win64/UE4Editor-ImgMedia.dll (API version 3709383).
LogModuleManager: Display: Found up-to-date module file ../../../Engine/Plugins/Media/ImgMedia/Binaries/Win64/UE4Editor-ImgMediaEditor.dll (API version 3709383).
LogModuleManager: Display: Found up-to-date module file ../../../Engine/Plugins/Media/ImgMedia/Binaries/Win64/UE4Editor-ImgMediaFactory.dll (API version 3709383).
LogModuleManager: Display: Found up-to-date module file ../../../Engine/Plugins/Media/ImgMedia/Binaries/Win64/UE4Editor-ImgMediaFactory.dll (API version 3709383).
LogModuleManager: Display: Found up-to-date module file ../../../Engine/Plugins/Media/ImgMedia/Binaries/Win64/UE4Editor-OpenExrWrapper.dll (API version 3709383).
LogModuleManager: Display: Found up-to-date module file ../../../Engine/Plugins/Media/MediaCompositing/Binaries/Win64/UE4Editor-MediaCompositing.dll (API version 3709383).
LogModuleManager: Display: Found up-to-date module file ../../../Engine/Plugins/Media/MediaCompositing/Binaries/Win64/UE4Editor-MediaCompositingEditor.dll (API version 3709383).
LogModuleManager: Display: Found up-to-date module file ../../../Engine/Plugins/Media/MediaPlayerEditor/Binaries/Win64/UE4Editor-MediaPlayerEditor.dll (API version 3709383).
LogModuleManager: Display: Found up-to-date module file ../../../Engine/Plugins/Media/WmfMedia/Binaries/Win64/UE4Editor-WmfMedia.dll (API version 3709383).
LogModuleManager: Display: Found up-to-date module file ../../../Engine/Plugins/Media/WmfMedia/Binaries/Win64/UE4Editor-WmfMediaEditor.dll (API version 3709383).
LogModuleManager: Display: Found up-to-date module file ../../../Engine/Plugins/Media/WmfMedia/Binaries/Win64/UE4Editor-WmfMediaFactory.dll (API version 3709383).
LogModuleManager: Display: Found up-to-date module file ../../../Engine/Plugins/Media/WmfMedia/Binaries/Win64/UE4Editor-WmfMediaFactory.dll (API version 3709383).
LogModuleManager: Display: Found up-to-date module file ../../../Engine/Plugins/Messaging/TcpMessaging/Binaries/Win64/UE4Editor-TcpMessaging.dll (API version 3709383).
LogModuleManager: Display: Found up-to-date module file ../../../Engine/Plugins/Messaging/UdpMessaging/Binaries/Win64/UE4Editor-UdpMessaging.dll (API version 3709383).
LogModuleManager: Display: Found up-to-date module file ../../../Engine/Plugins/MovieScene/ActorSequence/Binaries/Win64/UE4Editor-ActorSequence.dll (API version 3709383).
LogModuleManager: Display: Found up-to-date module file ../../../Engine/Plugins/MovieScene/LevelSequenceEditor/Binaries/Win64/UE4Editor-LevelSequenceEditor.dll (API version 3709383).
LogModuleManager: Display: Found up-to-date module file ../../../Engine/Plugins/MovieScene/MatineeToLevelSequence/Binaries/Win64/UE4Editor-MatineeToLevelSequence.dll (API version 3709383).
LogModuleManager: Display: Found up-to-date module file ../../../Engine/Plugins/Online/OnlineSubsystem/Binaries/Win64/UE4Editor-OnlineSubsystem.dll (API version 3709383).
LogModuleManager: Display: Found up-to-date module file ../../../Engine/Plugins/Runtime/AndroidPermission/Binaries/Win64/UE4Editor-AndroidPermission.dll (API version 3709383).
LogModuleManager: Display: Found up-to-date module file ../../../Engine/Plugins/Online/OnlineSubsystemNull/Binaries/Win64/UE4Editor-OnlineSubsystemNull.dll (API version 3709383).
LogModuleManager: Display: Found up-to-date module file ../../../Engine/Plugins/Online/OnlineSubsystemUtils/Binaries/Win64/UE4Editor-OnlineSubsystemUtils.dll (API version 3709383).
LogModuleManager: Display: Found up-to-date module file ../../../Engine/Plugins/Online/OnlineSubsystemUtils/Binaries/Win64/UE4Editor-OnlineBlueprintSupport.dll (API version 3709383).
LogModuleManager: Display: Found up-to-date module file ../../../Engine/Plugins/Runtime/AndroidDeviceProfileSelector/Binaries/Win64/UE4Editor-AndroidDeviceProfileSelector.dll (API version 3709383).
LogModuleManager: Display: Found up-to-date module file ../../../Engine/Plugins/Runtime/ApexDestruction/Binaries/Win64/UE4Editor-ApexDestruction.dll (API version 3709383).
LogModuleManager: Display: Found up-to-date module file ../../../Engine/Plugins/Runtime/ApexDestruction/Binaries/Win64/UE4Editor-ApexDestructionEditor.dll (API version 3709383).
LogModuleManager: Display: Found up-to-date module file ../../../Engine/Plugins/Runtime/AppleARKit/Binaries/Win64/UE4Editor-AppleARKit.dll (API version 3709383).
LogModuleManager: Display: Found up-to-date module file ../../../Engine/Plugins/Runtime/ArchVisCharacter/Binaries/Win64/UE4Editor-ArchVisCharacter.dll (API version 3709383).
LogModuleManager: Display: Found up-to-date module file ../../../Engine/Plugins/Runtime/CableComponent/Binaries/Win64/UE4Editor-CableComponent.dll (API version 3709383).
LogModuleManager: Display: Found up-to-date module file ../../../Engine/Plugins/Runtime/CustomMeshComponent/Binaries/Win64/UE4Editor-CustomMeshComponent.dll (API version 3709383).
LogModuleManager: Display: Found up-to-date module file ../../../Engine/Plugins/Runtime/ExampleDeviceProfileSelector/Binaries/Win64/UE4Editor-ExampleDeviceProfileSelector.dll (API version 3709383).
LogModuleManager: Display: Found up-to-date module file ../../../Engine/Plugins/Runtime/ImmediatePhysics/Binaries/Win64/UE4Editor-ImmediatePhysics.dll (API version 3709383).
LogModuleManager: Display: Found up-to-date module file ../../../Engine/Plugins/Runtime/ImmediatePhysics/Binaries/Win64/UE4Editor-ImmediatePhysicsEditor.dll (API version 3709383).
LogModuleManager: Display: Found up-to-date module file ../../../Engine/Plugins/Runtime/LocationServicesBPLibrary/Binaries/Win64/UE4Editor-LocationServicesBPLibrary.dll (API version 3709383).
LogModuleManager: Display: Found up-to-date module file ../../../Engine/Plugins/Runtime/MobilePatchingUtils/Binaries/Win64/UE4Editor-MobilePatchingUtils.dll (API version 3709383).
LogModuleManager: Display: Found up-to-date module file ../../../Engine/Plugins/Runtime/Oculus/OculusVR/Binaries/Win64/UE4Editor-OculusHMD.dll (API version 3709383).
LogModuleManager: Display: Found up-to-date module file ../../../Engine/Plugins/Runtime/Oculus/OculusVR/Binaries/Win64/UE4Editor-OculusInput.dll (API version 3709383).
LogModuleManager: Display: Found up-to-date module file ../../../Engine/Plugins/Runtime/Oculus/OculusVR/Binaries/Win64/UE4Editor-OculusEditor.dll (API version 3709383).
LogModuleManager: Display: Found up-to-date module file ../../../Engine/Plugins/Runtime/PhysXVehicles/Binaries/Win64/UE4Editor-PhysXVehicles.dll (API version 3709383).
LogModuleManager: Display: Found up-to-date module file ../../../Engine/Plugins/Runtime/PhysXVehicles/Binaries/Win64/UE4Editor-PhysXVehiclesEditor.dll (API version 3709383).
LogModuleManager: Display: Found up-to-date module file ../../../Engine/Plugins/Runtime/ProceduralMeshComponent/Binaries/Win64/UE4Editor-ProceduralMeshComponent.dll (API version 3709383).
LogModuleManager: Display: Found up-to-date module file ../../../Engine/Plugins/Runtime/ProceduralMeshComponent/Binaries/Win64/UE4Editor-ProceduralMeshComponentEditor.dll (API version 3709383).
LogModuleManager: Display: Found up-to-date module file ../../../Engine/Plugins/Runtime/RuntimePhysXCooking/Binaries/Win64/UE4Editor-RuntimePhysXCooking.dll (API version 3709383).
LogModuleManager: Display: Found up-to-date module file ../../../Engine/Plugins/Runtime/Steam/SteamVR/Binaries/Win64/UE4Editor-SteamVR.dll (API version 3709383).
LogModuleManager: Display: Found up-to-date module file ../../../Engine/Plugins/Runtime/Steam/SteamVR/Binaries/Win64/UE4Editor-SteamVRController.dll (API version 3709383).
LogModuleManager: Display: Found up-to-date module file ../../../Engine/Plugins/Runtime/WindowsMoviePlayer/Binaries/Win64/UE4Editor-WindowsMoviePlayer.dll (API version 3709383).
LogPluginManager: Mounting plugin Paper2D
LogPluginManager: Mounting plugin LightPropagationVolume
LogPluginManager: Mounting plugin CodeLiteSourceCodeAccess
LogPluginManager: Mounting plugin GitSourceControl
LogPluginManager: Mounting plugin KDevelopSourceCodeAccess
LogPluginManager: Mounting plugin NullSourceCodeAccess
LogPluginManager: Mounting plugin PerforceSourceControl
LogPluginManager: Mounting plugin SubversionSourceControl
LogPluginManager: Mounting plugin UObjectPlugin
LogPluginManager: Mounting plugin VisualStudioCodeSourceCodeAccess
LogPluginManager: Mounting plugin VisualStudioSourceCodeAccess
LogPluginManager: Mounting plugin XCodeSourceCodeAccess
LogPluginManager: Mounting plugin AssetManagerEditor
LogPluginManager: Mounting plugin AudioCapture
LogPluginManager: Mounting plugin FacialAnimation
LogPluginManager: Mounting plugin GameplayTagsEditor
LogPluginManager: Mounting plugin MobileLauncherProfileWizard
LogPluginManager: Mounting plugin PluginBrowser
LogPluginManager: Mounting plugin SpeedTreeImporter
LogPluginManager: Mounting plugin AlembicImporter
LogPluginManager: Mounting plugin CharacterAI
LogPluginManager: Mounting plugin HTML5Networking
LogPluginManager: Mounting plugin AndroidMedia
LogPluginManager: Mounting plugin AvfMedia
LogPluginManager: Mounting plugin ImgMedia
LogPluginManager: Mounting plugin MediaCompositing
LogPluginManager: Mounting plugin MediaPlayerEditor
LogPluginManager: Mounting plugin WmfMedia
LogPluginManager: Mounting plugin TcpMessaging
LogPluginManager: Mounting plugin UdpMessaging
LogPluginManager: Mounting plugin ActorSequence
LogPluginManager: Mounting plugin LevelSequenceEditor
LogPluginManager: Mounting plugin MatineeToLevelSequence
LogPluginManager: Mounting plugin OnlineSubsystemGooglePlay
LogPluginManager: Mounting plugin OnlineSubsystemIOS
LogPluginManager: Mounting plugin OnlineSubsystem
LogPluginManager: Mounting plugin OnlineSubsystemNull
LogPluginManager: Mounting plugin OnlineSubsystemUtils
LogPluginManager: Mounting plugin AndroidDeviceProfileSelector
LogPluginManager: Mounting plugin AndroidMoviePlayer
LogPluginManager: Mounting plugin AndroidPermission
LogPluginManager: Mounting plugin ApexDestruction
LogPluginManager: Mounting plugin AppleARKit
LogPluginManager: Mounting plugin AppleMoviePlayer
LogPluginManager: Mounting plugin ArchVisCharacter
LogPluginManager: Mounting plugin CableComponent
LogPluginManager: Mounting plugin CustomMeshComponent
LogPluginManager: Mounting plugin ExampleDeviceProfileSelector
LogPluginManager: Mounting plugin GoogleCloudMessaging
LogPluginManager: Mounting plugin ImmediatePhysics
LogPluginManager: Mounting plugin IOSDeviceProfileSelector
LogPluginManager: Mounting plugin LinuxDeviceProfileSelector
LogPluginManager: Mounting plugin LocationServicesBPLibrary
LogPluginManager: Mounting plugin MobilePatchingUtils
LogPluginManager: Mounting plugin OculusVR
LogPluginManager: Plugin shader directory ../../../Engine/Plugins/Runtime/Oculus/OculusVR/Shaders found
LogPluginManager: Mapping shader source directory ../../../Engine/Plugins/Runtime/Oculus/OculusVR/Shaders to virtual directory /Plugin/OculusVR
LogPluginManager: Mounting plugin PhysXVehicles
LogPluginManager: Mounting plugin ProceduralMeshComponent
LogPluginManager: Mounting plugin RuntimePhysXCooking
LogPluginManager: Mounting plugin SteamVR
LogPluginManager: Mounting plugin WindowsMoviePlayer
LogInit: Using libcurl 7.47.1
LogInit:  - built for x86_64-pc-win32
LogInit:  - supports SSL with OpenSSL/1.0.2g
LogInit:  - supports HTTP deflate (compression) using libz 1.2.8
LogInit:  - other features:
LogInit:      CURL_VERSION_SSL
LogInit:      CURL_VERSION_LIBZ
LogInit:      CURL_VERSION_IPV6
LogInit:      CURL_VERSION_ASYNCHDNS
LogInit:      CURL_VERSION_LARGEFILE
LogInit:      CURL_VERSION_IDN
LogInit:  CurlRequestOptions (configurable via config and command line):
LogInit:  - bVerifyPeer = false  - Libcurl will NOT verify peer certificate
LogInit:  - bUseHttpProxy = false  - Libcurl will NOT use HTTP proxy
LogInit:  - bDontReuseConnections = false  - Libcurl will reuse connections
LogInit:  - CertBundlePath = nullptr  - Libcurl will use whatever was configured at build time.
LogInit: Build: ++UE4+Release-4.18-CL-3832480
LogInit: Engine Version: 4.18.3-3832480+++UE4+Release-4.18
LogInit: Compatible Engine Version: 4.18.0-3709383+++UE4+Release-4.18
LogInit: Net CL: 3709383
LogDevObjectVersion: Number of dev versions registered: 16
LogDevObjectVersion:   Dev-Blueprints (B0D832E4-1F89-4F0D-ACCF-7EB736FD4AA2): 10
LogDevObjectVersion:   Dev-Build (E1C64328-A22C-4D53-A36C-8E866417BD8C): 0
LogDevObjectVersion:   Dev-Core (375EC13C-06E4-48FB-B500-84F0262A717E): 2
LogDevObjectVersion:   Dev-Editor (E4B068ED-F494-42E9-A231-DA0B2E46BB41): 20
LogDevObjectVersion:   Dev-Framework (CFFC743F-43B0-4480-9391-14DF171D2073): 30
LogDevObjectVersion:   Dev-Mobile (B02B49B5-BB20-44E9-A304-32B752E40360): 0
LogDevObjectVersion:   Dev-Networking (A4E4105C-59A1-49B5-A7C5-40C4547EDFEE): 0
LogDevObjectVersion:   Dev-Online (39C831C9-5AE6-47DC-9A44-9C173E1C8E7C): 0
LogDevObjectVersion:   Dev-Physics (78F01B33-EBEA-4F98-B9B4-84EACCB95AA2): 0
LogDevObjectVersion:   Dev-Platform (6631380F-2D4D-43E0-8009-CF276956A95A): 0
LogDevObjectVersion:   Dev-Rendering (12F88B9F-8875-4AFC-A67C-D90C383ABD29): 20
LogDevObjectVersion:   Dev-Sequencer (7B5AE74C-D270-4C10-A958-57980B212A5A): 4
LogDevObjectVersion:   Dev-VR (D7296918-1DD6-4BDD-9DE2-64A83CC13884): 0
LogDevObjectVersion:   Dev-LoadTimes (C2A15278-BFE7-4AFE-6C17-90FF531DF755): 1
LogDevObjectVersion:   Private-Geometry (6EACA3D4-40EC-4CC1-B786-8BED09428FC5): 1
LogDevObjectVersion:   Dev-AnimPhys (29E575DD-E0A3-4627-9D10-D276232CDCEA): 12
LogInit: Compiled (64-bit): Jan 12 2018 02:04:55
LogInit: Compiled with Visual C++: 19.00.24215.01
LogInit: Build Configuration: Development
LogInit: Branch Name: ++UE4+Release-4.18
LogInit: Command line: -EpicPortal 
LogInit: Base directory: C:/Program Files/Epic Games/UE_4.18/Engine/Binaries/Win64/
LogInit: Installed Engine Build: 1
LogInit: Presizing for max 8388607 objects, including 0 objects not considered by GC, pre-allocating 0 bytes for permanent pool.
LogInit: Object subsystem initialized
[2018.05.05-21.44.34:716][  0]LogInit: Selected Device Profile: [Windows]
[2018.05.05-21.44.34:716][  0]LogInit: Applying CVar settings loaded from the selected device profile: [Windows]
[2018.05.05-21.44.34:728][  0]LogInit: Computer: MIKEPC
[2018.05.05-21.44.34:728][  0]LogInit: User: BUI
[2018.05.05-21.44.34:728][  0]LogInit: CPU Page size=4096, Cores=4
[2018.05.05-21.44.34:728][  0]LogInit: High frequency timer resolution =2.728074 MHz
[2018.05.05-21.44.34:729][  0]LogMemory: Memory total: Physical=15.9GB (16GB approx)
[2018.05.05-21.44.34:729][  0]LogMemory: Platform Memory Stats for Windows
[2018.05.05-21.44.34:729][  0]LogMemory: Process Physical Memory: 273.12 MB used, 273.12 MB peak
[2018.05.05-21.44.34:729][  0]LogMemory: Process Virtual Memory: 266.51 MB used, 266.51 MB peak
[2018.05.05-21.44.34:729][  0]LogMemory: Physical Memory: 7125.05 MB used,  9178.64 MB free, 16303.69 MB total
[2018.05.05-21.44.34:729][  0]LogMemory: Virtual Memory: 620.59 MB used,  9178.64 MB free, 134217728.00 MB total
[2018.05.05-21.44.34:897][  0]LogInit: Using OS detected language (en-US).
[2018.05.05-21.44.34:897][  0]LogInit: Using OS detected locale (en-GB).
[2018.05.05-21.44.34:900][  0]LogTextLocalizationManager: No specific localization for 'en-US' exists, so the 'en' localization will be used.
[2018.05.05-21.44.35:351][  0]LogInit: Setting process to per monitor DPI aware
[2018.05.05-21.44.35:572][  0]LogD3D11RHI: D3D11 adapters:
[2018.05.05-21.44.36:171][  0]LogD3D11RHI:    0. 'NVIDIA GeForce GTX 870M' (Feature Level 11_0)
[2018.05.05-21.44.36:171][  0]LogD3D11RHI:       2976/0/8151 MB DedicatedVideo/DedicatedSystem/SharedSystem, Outputs:1, VendorId:0x10de
[2018.05.05-21.44.36:789][  0]LogD3D11RHI:    1. 'NVIDIA GeForce GTX 870M' (Feature Level 11_0)
[2018.05.05-21.44.36:789][  0]LogD3D11RHI:       2976/0/8151 MB DedicatedVideo/DedicatedSystem/SharedSystem, Outputs:0, VendorId:0x10de
[2018.05.05-21.44.36:790][  0]LogD3D11RHI:    2. 'NVIDIA GeForce GTX 870M' (Feature Level 11_0)
[2018.05.05-21.44.36:790][  0]LogD3D11RHI:       2976/0/8151 MB DedicatedVideo/DedicatedSystem/SharedSystem, Outputs:0, VendorId:0x1414
[2018.05.05-21.44.36:790][  0]LogD3D11RHI: Chosen D3D11 Adapter: 0
[2018.05.05-21.44.36:797][  0]LogD3D11RHI: Creating new Direct3DDevice
[2018.05.05-21.44.36:797][  0]LogD3D11RHI:     GPU DeviceId: 0x1199 (for the marketing name, search the web for "GPU Device Id")
[2018.05.05-21.44.36:797][  0]LogWindows: EnumDisplayDevices:
[2018.05.05-21.44.36:797][  0]LogWindows:    0. 'Intel(R) HD Graphics 4600' (P:0 D:0)
[2018.05.05-21.44.36:797][  0]LogWindows:    1. 'Intel(R) HD Graphics 4600' (P:0 D:0)
[2018.05.05-21.44.36:797][  0]LogWindows:    2. 'Intel(R) HD Graphics 4600' (P:0 D:0)
[2018.05.05-21.44.36:797][  0]LogWindows:    3. 'NVIDIA GeForce GTX 870M' (P:1 D:1)
[2018.05.05-21.44.36:797][  0]LogWindows:    4. 'NVIDIA GeForce GTX 870M' (P:0 D:0)
[2018.05.05-21.44.36:797][  0]LogWindows:    5. 'NVIDIA GeForce GTX 870M' (P:0 D:0)
[2018.05.05-21.44.36:797][  0]LogWindows:    6. 'NVIDIA GeForce GTX 870M' (P:0 D:0)
[2018.05.05-21.44.36:798][  0]LogWindows: DebugString: PrimaryIsNotTheChoosenAdapter PrimaryIsNotTheChoosenAdapter PrimaryIsNotTheChoosenAdapter FoundDriverCount:4 
[2018.05.05-21.44.36:798][  0]LogD3D11RHI:     Adapter Name: NVIDIA GeForce GTX 870M
[2018.05.05-21.44.36:798][  0]LogD3D11RHI:   Driver Version: 385.41 (internal:22.21.13.8541, unified:385.41)
[2018.05.05-21.44.36:798][  0]LogD3D11RHI:      Driver Date: 8-21-2017
[2018.05.05-21.44.36:798][  0]LogRHI: Texture pool is 2083 MB (70% of 2976 MB)
[2018.05.05-21.44.37:357][  0]LogD3D11RHI: Async texture creation enabled
[2018.05.05-21.44.37:467][  0]LogD3D11RHI: GPU Timing Frequency: 1000.000000 (Debug: 2 2)
[2018.05.05-21.44.37:518][  0]LogShaderCompilers: Guid format shader working directory is -22 characters bigger than the processId version (../../../../../../Users/BUI/Documents/Unreal Projects/Coursework2/Intermediate/Shaders/WorkingDirectory/10676/).
[2018.05.05-21.44.37:518][  0]LogShaderCompilers: Cleaned the shader compiler working directory 'C:/Users/BUI/AppData/Local/Temp/UnrealShaderWorkingDir/EF3313174E7163B63C1B859CBEF207A1/'.
[2018.05.05-21.44.37:518][  0]LogShaderCompilers: Display: Using Local Shader Compiler.
[2018.05.05-21.44.38:429][  0]LogTemp: Display: Loaded TP AllDesktopTargetPlatform
[2018.05.05-21.44.38:473][  0]LogTemp: Display: Loaded TP MacClientTargetPlatform
[2018.05.05-21.44.38:518][  0]LogTemp: Display: Loaded TP MacNoEditorTargetPlatform
[2018.05.05-21.44.38:564][  0]LogTemp: Display: Loaded TP MacServerTargetPlatform
[2018.05.05-21.44.38:610][  0]LogTemp: Display: Loaded TP MacTargetPlatform
[2018.05.05-21.44.38:657][  0]LogTemp: Display: Loaded TP WindowsClientTargetPlatform
[2018.05.05-21.44.38:702][  0]LogTemp: Display: Loaded TP WindowsNoEditorTargetPlatform
[2018.05.05-21.44.38:747][  0]LogTemp: Display: Loaded TP WindowsServerTargetPlatform
[2018.05.05-21.44.38:786][  0]LogTemp: Display: Loaded TP WindowsTargetPlatform
[2018.05.05-21.44.38:829][  0]LogTemp: Display: Loaded TP Android_ASTCTargetPlatform
[2018.05.05-21.44.38:875][  0]LogTemp: Display: Loaded TP Android_ATCTargetPlatform
[2018.05.05-21.44.38:919][  0]LogTemp: Display: Loaded TP Android_DXTTargetPlatform
[2018.05.05-21.44.38:962][  0]LogTemp: Display: Loaded TP Android_ETC1TargetPlatform
[2018.05.05-21.44.39:006][  0]LogTemp: Display: Loaded TP Android_ETC2TargetPlatform
[2018.05.05-21.44.39:095][  0]LogTemp: Display: Loaded TP Android_MultiTargetPlatform
[2018.05.05-21.44.39:095][  0]LogTemp: Display: Loaded TP Android_PVRTCTargetPlatform
[2018.05.05-21.44.39:139][  0]LogTemp: Display: Loaded TP AndroidTargetPlatform
[2018.05.05-21.44.39:178][  0]LogTemp: Display: Loaded TP HTML5TargetPlatform
[2018.05.05-21.44.39:259][  0]LogTemp: Display: Loaded TP IOSTargetPlatform
[2018.05.05-21.44.39:283][  0]LogTemp: Display: Loaded TP TVOSTargetPlatform
[2018.05.05-21.44.39:326][  0]LogTemp: Display: Loaded TP LinuxClientTargetPlatform
[2018.05.05-21.44.39:374][  0]LogTemp: Display: Loaded TP LinuxNoEditorTargetPlatform
[2018.05.05-21.44.39:417][  0]LogTemp: Display: Loaded TP LinuxServerTargetPlatform
[2018.05.05-21.44.39:462][  0]LogTemp: Display: Loaded TP LinuxTargetPlatform
[2018.05.05-21.44.39:462][  0]LogTargetPlatformManager: Display: Building Assets For Windows
[2018.05.05-21.44.39:846][  0]LogDerivedDataCache: Display: Max Cache Size: 512 MB
[2018.05.05-21.44.39:929][  0]LogDerivedDataCache: Loaded boot cache 0.08s 78MB C:/Users/BUI/AppData/Local/UnrealEngine/4.18/DerivedDataCache/Boot.ddc.
[2018.05.05-21.44.39:929][  0]LogDerivedDataCache: Display: Loaded Boot cache: C:/Users/BUI/AppData/Local/UnrealEngine/4.18/DerivedDataCache/Boot.ddc
[2018.05.05-21.44.39:929][  0]LogDerivedDataCache: FDerivedDataBackendGraph:  Pak pak cache file ../../../../../../Users/BUI/Documents/Unreal Projects/Coursework2/DerivedDataCache/DDC.ddp not found, will not use a pak cache.
[2018.05.05-21.44.39:929][  0]LogDerivedDataCache: Unable to find inner node Pak for hierarchical cache Hierarchy.
[2018.05.05-21.44.39:929][  0]LogDerivedDataCache: FDerivedDataBackendGraph:  CompressedPak pak cache file ../../../../../../Users/BUI/Documents/Unreal Projects/Coursework2/DerivedDataCache/Compressed.ddp not found, will not use a pak cache.
[2018.05.05-21.44.39:930][  0]LogDerivedDataCache: Unable to find inner node CompressedPak for hierarchical cache Hierarchy.
[2018.05.05-21.44.39:947][  0]LogDerivedDataCache: Display: Pak cache opened for reading ../../../Engine/DerivedDataCache/Compressed.ddp.
[2018.05.05-21.44.39:960][  0]LogDerivedDataCache: Using Local data cache path C:/Users/BUI/AppData/Local/UnrealEngine/Common/DerivedDataCache: Writable
[2018.05.05-21.44.39:970][  0]LogMaterial: Verifying Global Shaders for PCD3D_SM5
[2018.05.05-21.44.39:971][  0]LogSlate: Using Freetype 2.6.0
[2018.05.05-21.44.39:971][  0]LogSlate: SlateFontCache - WITH_FREETYPE: 1, WITH_HARFBUZZ: 1
[2018.05.05-21.44.39:971][  0]LogSlate: SlateFontCache - WITH_FREETYPE: 1, WITH_HARFBUZZ: 1
[2018.05.05-21.44.40:343][  0]LogInit: Selected Device Profile: [Windows]
[2018.05.05-21.44.40:624][  0]LogSimplygon: Simplygon DLL not present - disabling.
[2018.05.05-21.44.40:657][  0]LogMeshReduction: Using SimplygonSwarm for distributed automatic mesh merging
[2018.05.05-21.44.40:657][  0]LogMeshReduction: Using QuadricMeshReduction for automatic static mesh reduction
[2018.05.05-21.44.40:657][  0]LogMeshReduction: No automatic skeletal mesh reduction module available
[2018.05.05-21.44.40:657][  0]LogMeshReduction: No automatic mesh merging module available
[2018.05.05-21.44.40:657][  0]LogMeshMerging: No automatic mesh merging module available
[2018.05.05-21.44.40:678][  0]LogNetVersion: Coursework2 , NetCL: 3709383, EngineNetVer: 2, GameNetVer: 0 (Checksum: 2240265007)
[2018.05.05-21.44.40:819][  0]LogAssetRegistry: FAssetRegistry took 0.0260 seconds to start up
[2018.05.05-21.44.41:324][  0]LogPackageLocalizationCache: Processed 7 localized package path(s) for 2 prioritized culture(s) in 0.080657 seconds
[2018.05.05-21.44.41:331][  0]LogUObjectArray: 35870 objects as part of root set at end of initial load.
[2018.05.05-21.44.41:331][  0]LogUObjectAllocator: 7363696 out of 0 bytes used by permanent object pool.
[2018.05.05-21.44.41:331][  0]LogUObjectArray: CloseDisregardForGC: 0/0 objects in disregard for GC pool
[2018.05.05-21.44.41:400][  0]LogInit: WinSock: version 1.1 (2.2), MaxSocks=32767, MaxUdp=65467
[2018.05.05-21.44.44:086][  0]LogTcpMessaging: Initializing TcpMessaging bridge
[2018.05.05-21.44.44:120][  0]LogUdpMessaging: Initializing bridge on interface 0.0.0.0:0 to multicast group 230.0.0.1:6666.
[2018.05.05-21.44.44:810][  0]LogMaterial: Uniform references updated for custom material expression Custom.
[2018.05.05-21.44.45:192][  0]SourceControl: Source control is disabled
[2018.05.05-21.44.45:192][  0]SourceControl: Source control is disabled
[2018.05.05-21.44.45:244][  0]SourceControl: Source control is disabled
[2018.05.05-21.44.45:294][  0]SourceControl: Source control is disabled
[2018.05.05-21.44.45:988][  0]LogAndroidPermission: UAndroidPermissionCallbackProxy::GetInstance
[2018.05.05-21.44.46:210][  0]LogOcInput: OculusInput pre-init called
[2018.05.05-21.44.46:464][  0]LogEngine: Initializing Engine...
[2018.05.05-21.44.46:466][  0]LogHMD: Failed to initialize OpenVR with code 110
[2018.05.05-21.44.46:675][  0]LogStats: UGameplayTagsManager::ConstructGameplayTagTree: Construct from data asset -  0.000 s
[2018.05.05-21.44.46:675][  0]LogStats: UGameplayTagsManager::ConstructGameplayTagTree: GameplayTagTreeChangedEvent.Broadcast -  0.000 s
[2018.05.05-21.44.46:786][  0]LogAIModule: Creating AISystem for world Untitled
[2018.05.05-21.44.46:794][  0]LogInit: XAudio2 using 'Speakers (Realtek High Definition Audio)' : 2 channels at 48 kHz using 32 bits per sample (channel mask 0x3)
[2018.05.05-21.44.46:804][  0]LogInit: FAudioDevice initialized.
[2018.05.05-21.44.47:110][  0]LogDerivedDataCache: Saved boot cache 0.31s 78MB C:/Users/BUI/AppData/Local/UnrealEngine/4.18/DerivedDataCache/Boot.ddc.
[2018.05.05-21.44.47:114][  0]LogInit: Texture streaming: Enabled
[2018.05.05-21.44.47:195][  0]LogEngineSessionManager: EngineSessionManager initialized
[2018.05.05-21.44.47:306][  0]LogInit: Transaction tracking system initialized
[2018.05.05-21.44.47:592][  0]BlueprintLog: New page: Editor Load
[2018.05.05-21.44.48:354][  0]LocalizationService: Localization service is disabled
[2018.05.05-21.44.49:029][  0]LogConsoleResponse: Display: 
[2018.05.05-21.44.49:170][  0]LogCook: Display: Max memory allowance for cook 16384mb min free memory 0mb
[2018.05.05-21.44.49:170][  0]LogCook: Display: Mobile HDR setting 1
[2018.05.05-21.44.49:170][  0]LogGameplayTags: Display: UGameplayTagsManager::DoneAddingNativeTags. DelegateIsBound: 0
[2018.05.05-21.44.49:513][  0]LogFileCache: Scanning file cache for directory 'C:/Users/BUI/Documents/Unreal Projects/Coursework2/Content/' took 0.01s
[2018.05.05-21.44.50:242][  0]SourceControl: Source control is disabled
[2018.05.05-21.44.50:242][  0]Cmd: MAP LOAD FILE="../../../../../../Users/BUI/Documents/Unreal Projects/Coursework2/Content/Maps/Level1.umap" TEMPLATE=0 SHOWPROGRESS=1 FEATURELEVEL=3
[2018.05.05-21.44.50:243][  0]LightingResults: New page: Lighting Build
[2018.05.05-21.44.50:278][  0]MapCheck: New page: Map Check
[2018.05.05-21.44.50:278][  0]LightingResults: New page: Lighting Build
[2018.05.05-21.44.50:870][  0]LogAIModule: Creating AISystem for world Level1
[2018.05.05-21.44.50:881][  0]LogEditorServer: Finished looking for orphan Actors (0.000 secs)
[2018.05.05-21.44.50:893][  0]Cmd: MAP CHECKDEP NOCLEARLOG
[2018.05.05-21.44.50:943][  0]MapCheck: Map check complete: 0 Error(s), 0 Warning(s), took 49.24ms to complete.
[2018.05.05-21.44.50:943][  0]LogFileHelpers: Loading map 'Level1' took 0.700
[2018.05.05-21.44.51:058][  0]LogCollectionManager: Loaded 0 collections in 0.000827 seconds
[2018.05.05-21.44.51:130][  0]LogFileCache: Scanning file cache for directory 'C:/Users/BUI/Documents/Unreal Projects/Coursework2/Saved/Collections/' took 0.01s
[2018.05.05-21.44.51:131][  0]LogFileCache: Scanning file cache for directory 'C:/Users/BUI/Documents/Unreal Projects/Coursework2/Content/Developers/BUI/Collections/' took 0.01s
[2018.05.05-21.44.51:131][  0]LogFileCache: Scanning file cache for directory 'C:/Users/BUI/Documents/Unreal Projects/Coursework2/Content/Collections/' took 0.01s
[2018.05.05-21.44.51:131][  0]LogCollectionManager: Rebuilt the GUID cache for 0 collections in 0.000000 seconds
[2018.05.05-21.44.51:138][  0]LogContentBrowser: Native class hierarchy populated in 0.0076 seconds. Added 2372 classes and 524 folders.
[2018.05.05-21.44.51:191][  0]LogContentBrowser: Native class hierarchy updated for 'WidgetCarousel' in 0.0002 seconds. Added 0 classes and 0 folders.
[2018.05.05-21.44.51:222][  0]LogContentBrowser: Native class hierarchy updated for 'AddContentDialog' in 0.0002 seconds. Added 0 classes and 0 folders.
[2018.05.05-21.44.51:259][  0]LogContentBrowser: Native class hierarchy updated for 'SceneOutliner' in 0.0003 seconds. Added 1 classes and 2 folders.
[2018.05.05-21.44.51:320][  0]LogSlate: Took 0.000166 seconds to synchronously load lazily loaded font '../../../Engine/Content/Slate/Fonts/Roboto-Regular.ttf' (155K)
[2018.05.05-21.44.51:327][  0]LogSlate: Took 0.000193 seconds to synchronously load lazily loaded font '../../../Engine/Content/Slate/Fonts/Roboto-Bold.ttf' (160K)
[2018.05.05-21.44.51:330][  0]LogSlate: Took 0.000213 seconds to synchronously load lazily loaded font '../../../Engine/Content/Editor/Slate/Fonts/FontAwesome.ttf' (139K)
[2018.05.05-21.44.51:406][  0]LogRenderer: Reallocating scene render targets to support 1020x556 Format 10 NumSamples 1 (Frame:1).
[2018.05.05-21.44.51:592][  0]LogContentBrowser: Native class hierarchy updated for 'HierarchicalLODOutliner' in 0.0003 seconds. Added 1 classes and 2 folders.
[2018.05.05-21.44.51:593][  0]LogLoad: (Engine Initialization) Total time: 18.84 seconds
[2018.05.05-21.44.51:593][  0]LogLoad: (Engine Initialization) Total Blueprint compile time: 0.00 seconds
[2018.05.05-21.44.51:593][  0]LogExternalProfiler: Found external profiler: VSPerf
[2018.05.05-21.44.51:593][  0]LogExternalProfiler: Using external profiler: VSPerf
[2018.05.05-21.44.51:951][  0]LogAssetRegistry: Asset discovery search completed in 11.1544 seconds
[2018.05.05-21.44.51:954][  0]LogCollectionManager: Rebuilt the object cache for 0 collections in 0.000000 seconds (found 0 objects)
[2018.05.05-21.44.51:954][  0]LogCollectionManager: Fixed up redirectors for 0 collections in 0.000066 seconds (updated 0 objects)
[2018.05.05-21.44.51:956][  0]LogContentStreaming: Texture pool size now 1000 MB
[2018.05.05-21.44.52:934][  3]LogSlate: Took 0.000342 seconds to synchronously load lazily loaded font '../../../Engine/Content/Slate/Fonts/Roboto-Light.ttf' (159K)
[2018.05.05-21.45.05:865][152]LogSlate: Took 0.000150 seconds to synchronously load lazily loaded font '../../../Engine/Content/Slate/Fonts/Roboto-Light.ttf' (159K)
[2018.05.05-21.45.05:882][152]Cmd: MAP LOAD FILE="../../../../../../Users/BUI/Documents/Unreal Projects/Coursework2/Content/Maps/Level1.umap" TEMPLATE=0 SHOWPROGRESS=1 FEATURELEVEL=3
[2018.05.05-21.45.05:883][152]LightingResults: New page: Lighting Build
[2018.05.05-21.45.05:883][152]LoadErrors: New page: Loading map: Level1.umap
[2018.05.05-21.45.05:895][152]MapCheck: New page: Map Check
[2018.05.05-21.45.05:895][152]LightingResults: New page: Lighting Build
[2018.05.05-21.45.05:925][152]LogAIModule: Creating AISystem for world Level1
[2018.05.05-21.45.05:991][152]LogEditorServer: Finished looking for orphan Actors (0.000 secs)
[2018.05.05-21.45.06:065][152]Cmd: MAP CHECKDEP NOCLEARLOG
[2018.05.05-21.45.06:116][152]MapCheck: Map check complete: 0 Error(s), 0 Warning(s), took 50.338ms to complete.
[2018.05.05-21.45.06:117][152]LogFileHelpers: Loading map 'Level1' took 0.235
[2018.05.05-21.45.09:339][322]LogAIModule: Creating AISystem for world Level3
[2018.05.05-21.45.09:375][322]Cmd: MAP LOAD FILE="../../../../../../Users/BUI/Documents/Unreal Projects/Coursework2/Content/Maps/Level3.umap" TEMPLATE=0 SHOWPROGRESS=1 FEATURELEVEL=3
[2018.05.05-21.45.09:375][322]LightingResults: New page: Lighting Build
[2018.05.05-21.45.09:375][322]LoadErrors: New page: Loading map: Level3.umap
[2018.05.05-21.45.09:376][322]MapCheck: New page: Map Check
[2018.05.05-21.45.09:376][322]LightingResults: New page: Lighting Build
[2018.05.05-21.45.09:498][322]LogEditorServer: Finished looking for orphan Actors (0.000 secs)
[2018.05.05-21.45.09:564][322]Cmd: MAP CHECKDEP NOCLEARLOG
[2018.05.05-21.45.09:621][322]MapCheck: Map check complete: 0 Error(s), 0 Warning(s), took 56.278ms to complete.
[2018.05.05-21.45.09:621][322]LogFileHelpers: Loading map 'Level3' took 0.247
[2018.05.05-21.45.10:563][376]LogAIModule: Creating AISystem for world Level1
[2018.05.05-21.45.10:581][376]Cmd: MAP LOAD FILE="../../../../../../Users/BUI/Documents/Unreal Projects/Coursework2/Content/Maps/Level1.umap" TEMPLATE=0 SHOWPROGRESS=1 FEATURELEVEL=3
[2018.05.05-21.45.10:581][376]LightingResults: New page: Lighting Build
[2018.05.05-21.45.10:582][376]LoadErrors: New page: Loading map: Level1.umap
[2018.05.05-21.45.10:583][376]MapCheck: New page: Map Check
[2018.05.05-21.45.10:583][376]LightingResults: New page: Lighting Build
[2018.05.05-21.45.10:709][376]LogEditorServer: Finished looking for orphan Actors (0.000 secs)
[2018.05.05-21.45.10:776][376]Cmd: MAP CHECKDEP NOCLEARLOG
[2018.05.05-21.45.10:830][376]MapCheck: Map check complete: 0 Error(s), 0 Warning(s), took 53.659ms to complete.
[2018.05.05-21.45.10:830][376]LogFileHelpers: Loading map 'Level1' took 0.249
[2018.05.05-21.45.11:491][415]LogTemp: Repeating last play command: Selected Viewport
[2018.05.05-21.45.11:541][415]LogBlueprintUserMessages: Early PlayInEditor Detection: Level '/Game/Maps/Level1.Level1:PersistentLevel' has LevelScriptBlueprint '/Game/Maps/Level1.Level1:PersistentLevel.Level1' with GeneratedClass '/Game/Maps/Level1.Level1_C' with ClassGeneratedBy '/Game/Maps/Level1.Level1:PersistentLevel.Level1'
[2018.05.05-21.45.11:541][415]LogPlayLevel: PlayLevel: No blueprints needed recompiling
[2018.05.05-21.45.11:541][415]PIE: New page: PIE session: Level1 (5 May 2018 23:45:11)
[2018.05.05-21.45.11:542][415]LogPlayLevel: Creating play world package: /Game/Maps/UEDPIE_0_Level1
[2018.05.05-21.45.11:545][415]LogPlayLevel: PIE: StaticDuplicateObject took: (0.003173s)
[2018.05.05-21.45.11:545][415]LogAIModule: Creating AISystem for world Level1
[2018.05.05-21.45.11:545][415]LogPlayLevel: PIE: World Init took: (0.000607s)
[2018.05.05-21.45.11:546][415]LogPlayLevel: PIE: Created PIE world by copying editor world from /Game/Maps/Level1.Level1 to /Game/Maps/UEDPIE_0_Level1.Level1 (0.004071s)
[2018.05.05-21.45.11:558][415]LogInit: XAudio2 using 'Speakers (Realtek High Definition Audio)' : 2 channels at 48 kHz using 32 bits per sample (channel mask 0x3)
[2018.05.05-21.45.11:567][415]LogInit: FAudioDevice initialized.
[2018.05.05-21.45.11:609][415]LogLoad: Game class is 'MyGameMode_C'
[2018.05.05-21.45.11:614][415]LogWorld: Bringing World /Game/Maps/UEDPIE_0_Level1.Level1 up for play (max tick rate 60) at 2018.05.05-22.45.11
[2018.05.05-21.45.11:615][415]LogWorld: Bringing up level for play took: 0.003640
[2018.05.05-21.45.11:653][415]LogContentBrowser: Native class hierarchy updated for 'MovieSceneCapture' in 0.0003 seconds. Added 11 classes and 0 folders.
[2018.05.05-21.45.11:653][415]LogGameMode: Display: Match State Changed from EnteringMap to WaitingToStart
[2018.05.05-21.45.11:653][415]LogGameState: Match State Changed from EnteringMap to WaitingToStart
[2018.05.05-21.45.11:653][415]LogGameMode: Display: Match State Changed from WaitingToStart to InProgress
[2018.05.05-21.45.11:656][415]Set new viewmode: Unlit
[2018.05.05-21.45.11:656][415]LogGameState: Match State Changed from WaitingToStart to InProgress
[2018.05.05-21.45.11:656][415]PIE: Play in editor start time for /Game/Maps/UEDPIE_0_Level1 -0.503
[2018.05.05-21.45.11:656][415]LogBlueprintUserMessages: Late PlayInEditor Detection: Level '/Game/Maps/Level1.Level1:PersistentLevel' has LevelScriptBlueprint '/Game/Maps/Level1.Level1:PersistentLevel.Level1' with GeneratedClass '/Game/Maps/Level1.Level1_C' with ClassGeneratedBy '/Game/Maps/Level1.Level1:PersistentLevel.Level1'
[2018.05.05-21.45.11:663][415]LogAudio: Warning: Detected orphaned looping sound 'BackgroundMusicCue'.
[2018.05.05-21.45.13:210][507]LogBlueprintUserMessages: Early EndPlayMap Detection: Level '/Game/Maps/Level1.Level1:PersistentLevel' has LevelScriptBlueprint '/Game/Maps/Level1.Level1:PersistentLevel.Level1' with GeneratedClass '/Game/Maps/Level1.Level1_C' with ClassGeneratedBy '/Game/Maps/Level1.Level1:PersistentLevel.Level1'
[2018.05.05-21.45.13:244][507]LogBlueprintUserMessages: Late EndPlayMap Detection: Level '/Game/Maps/Level1.Level1:PersistentLevel' has LevelScriptBlueprint '/Game/Maps/Level1.Level1:PersistentLevel.Level1' with GeneratedClass '/Game/Maps/Level1.Level1_C' with ClassGeneratedBy '/Game/Maps/Level1.Level1:PersistentLevel.Level1'
[2018.05.05-21.45.13:868][538]LogAIModule: Creating AISystem for world Level2
[2018.05.05-21.45.13:894][538]Cmd: MAP LOAD FILE="../../../../../../Users/BUI/Documents/Unreal Projects/Coursework2/Content/Maps/Level2.umap" TEMPLATE=0 SHOWPROGRESS=1 FEATURELEVEL=3
[2018.05.05-21.45.13:894][538]LightingResults: New page: Lighting Build
[2018.05.05-21.45.13:895][538]LoadErrors: New page: Loading map: Level2.umap
[2018.05.05-21.45.13:896][538]MapCheck: New page: Map Check
[2018.05.05-21.45.13:896][538]LightingResults: New page: Lighting Build
[2018.05.05-21.45.14:042][538]LogEditorServer: Finished looking for orphan Actors (0.000 secs)
[2018.05.05-21.45.14:107][538]Cmd: MAP CHECKDEP NOCLEARLOG
[2018.05.05-21.45.14:171][538]MapCheck: Map check complete: 0 Error(s), 0 Warning(s), took 63.41ms to complete.
[2018.05.05-21.45.14:171][538]LogFileHelpers: Loading map 'Level2' took 0.278
[2018.05.05-21.45.15:171][597]LogTemp: Repeating last play command: Selected Viewport
[2018.05.05-21.45.15:211][597]LogBlueprintUserMessages: Early PlayInEditor Detection: Level '/Game/Maps/Level2.Level2:PersistentLevel' has LevelScriptBlueprint '/Game/Maps/Level2.Level2:PersistentLevel.Level2' with GeneratedClass '/Game/Maps/Level2.Level2_C' with ClassGeneratedBy '/Game/Maps/Level2.Level2:PersistentLevel.Level2'
[2018.05.05-21.45.15:211][597]LogPlayLevel: PlayLevel: No blueprints needed recompiling
[2018.05.05-21.45.15:211][597]PIE: New page: PIE session: Level2 (5 May 2018 23:45:15)
[2018.05.05-21.45.15:211][597]LogPlayLevel: Creating play world package: /Game/Maps/UEDPIE_0_Level2
[2018.05.05-21.45.15:216][597]LogPlayLevel: PIE: StaticDuplicateObject took: (0.004269s)
[2018.05.05-21.45.15:216][597]LogAIModule: Creating AISystem for world Level2
[2018.05.05-21.45.15:216][597]LogPlayLevel: PIE: World Init took: (0.000601s)
[2018.05.05-21.45.15:216][597]LogPlayLevel: PIE: Created PIE world by copying editor world from /Game/Maps/Level2.Level2 to /Game/Maps/UEDPIE_0_Level2.Level2 (0.005093s)
[2018.05.05-21.45.15:229][597]LogInit: XAudio2 using 'Speakers (Realtek High Definition Audio)' : 2 channels at 48 kHz using 32 bits per sample (channel mask 0x3)
[2018.05.05-21.45.15:238][597]LogInit: FAudioDevice initialized.
[2018.05.05-21.45.15:272][597]LogLoad: Game class is 'MyGameMode_C'
[2018.05.05-21.45.15:281][597]LogWorld: Bringing World /Game/Maps/UEDPIE_0_Level2.Level2 up for play (max tick rate 60) at 2018.05.05-22.45.15
[2018.05.05-21.45.15:283][597]LogWorld: Bringing up level for play took: 0.009948
[2018.05.05-21.45.15:284][597]LogGameMode: Display: Match State Changed from EnteringMap to WaitingToStart
[2018.05.05-21.45.15:284][597]LogGameState: Match State Changed from EnteringMap to WaitingToStart
[2018.05.05-21.45.15:284][597]LogGameMode: Display: Match State Changed from WaitingToStart to InProgress
[2018.05.05-21.45.15:285][597]Set new viewmode: Unlit
[2018.05.05-21.45.15:286][597]LogGameState: Match State Changed from WaitingToStart to InProgress
[2018.05.05-21.45.15:286][597]PIE: Play in editor start time for /Game/Maps/UEDPIE_0_Level2 -0.873
[2018.05.05-21.45.15:286][597]LogBlueprintUserMessages: Late PlayInEditor Detection: Level '/Game/Maps/Level2.Level2:PersistentLevel' has LevelScriptBlueprint '/Game/Maps/Level2.Level2:PersistentLevel.Level2' with GeneratedClass '/Game/Maps/Level2.Level2_C' with ClassGeneratedBy '/Game/Maps/Level2.Level2:PersistentLevel.Level2'
[2018.05.05-21.45.15:291][597]LogAudio: Warning: Detected orphaned looping sound 'BackgroundMusicCue'.
[2018.05.05-21.45.16:608][676]LogBlueprintUserMessages: Early EndPlayMap Detection: Level '/Game/Maps/Level2.Level2:PersistentLevel' has LevelScriptBlueprint '/Game/Maps/Level2.Level2:PersistentLevel.Level2' with GeneratedClass '/Game/Maps/Level2.Level2_C' with ClassGeneratedBy '/Game/Maps/Level2.Level2:PersistentLevel.Level2'
[2018.05.05-21.45.16:644][676]LogBlueprintUserMessages: Late EndPlayMap Detection: Level '/Game/Maps/Level2.Level2:PersistentLevel' has LevelScriptBlueprint '/Game/Maps/Level2.Level2:PersistentLevel.Level2' with GeneratedClass '/Game/Maps/Level2.Level2_C' with ClassGeneratedBy '/Game/Maps/Level2.Level2:PersistentLevel.Level2'
[2018.05.05-21.45.17:395][717]LogAIModule: Creating AISystem for world Level3
[2018.05.05-21.45.17:425][717]Cmd: MAP LOAD FILE="../../../../../../Users/BUI/Documents/Unreal Projects/Coursework2/Content/Maps/Level3.umap" TEMPLATE=0 SHOWPROGRESS=1 FEATURELEVEL=3
[2018.05.05-21.45.17:425][717]LightingResults: New page: Lighting Build
[2018.05.05-21.45.17:426][717]LoadErrors: New page: Loading map: Level3.umap
[2018.05.05-21.45.17:427][717]MapCheck: New page: Map Check
[2018.05.05-21.45.17:427][717]LightingResults: New page: Lighting Build
[2018.05.05-21.45.17:601][717]LogEditorServer: Finished looking for orphan Actors (0.000 secs)
[2018.05.05-21.45.17:668][717]Cmd: MAP CHECKDEP NOCLEARLOG
[2018.05.05-21.45.17:724][717]MapCheck: Map check complete: 0 Error(s), 0 Warning(s), took 56.605ms to complete.
[2018.05.05-21.45.17:724][717]LogFileHelpers: Loading map 'Level3' took 0.300
[2018.05.05-21.45.18:186][744]LogTemp: Repeating last play command: Selected Viewport
[2018.05.05-21.45.18:217][744]LogBlueprintUserMessages: Early PlayInEditor Detection: Level '/Game/Maps/Level3.Level3:PersistentLevel' has LevelScriptBlueprint '/Game/Maps/Level3.Level3:PersistentLevel.Level3' with GeneratedClass '/Game/Maps/Level3.Level3_C' with ClassGeneratedBy '/Game/Maps/Level3.Level3:PersistentLevel.Level3'
[2018.05.05-21.45.18:217][744]LogPlayLevel: PlayLevel: No blueprints needed recompiling
[2018.05.05-21.45.18:217][744]PIE: New page: PIE session: Level3 (5 May 2018 23:45:18)
[2018.05.05-21.45.18:218][744]LogPlayLevel: Creating play world package: /Game/Maps/UEDPIE_0_Level3
[2018.05.05-21.45.18:224][744]LogPlayLevel: PIE: StaticDuplicateObject took: (0.006351s)
[2018.05.05-21.45.18:224][744]LogAIModule: Creating AISystem for world Level3
[2018.05.05-21.45.18:225][744]LogPlayLevel: PIE: World Init took: (0.000549s)
[2018.05.05-21.45.18:225][744]LogPlayLevel: PIE: Created PIE world by copying editor world from /Game/Maps/Level3.Level3 to /Game/Maps/UEDPIE_0_Level3.Level3 (0.007135s)
[2018.05.05-21.45.18:237][744]LogInit: XAudio2 using 'Speakers (Realtek High Definition Audio)' : 2 channels at 48 kHz using 32 bits per sample (channel mask 0x3)
[2018.05.05-21.45.18:246][744]LogInit: FAudioDevice initialized.
[2018.05.05-21.45.18:277][744]LogLoad: Game class is 'MyGameMode_C'
[2018.05.05-21.45.18:283][744]LogWorld: Bringing World /Game/Maps/UEDPIE_0_Level3.Level3 up for play (max tick rate 60) at 2018.05.05-22.45.18
[2018.05.05-21.45.18:285][744]LogWorld: Bringing up level for play took: 0.007565
[2018.05.05-21.45.18:286][744]LogGameMode: Display: Match State Changed from EnteringMap to WaitingToStart
[2018.05.05-21.45.18:286][744]LogGameState: Match State Changed from EnteringMap to WaitingToStart
[2018.05.05-21.45.18:286][744]LogGameMode: Display: Match State Changed from WaitingToStart to InProgress
[2018.05.05-21.45.18:287][744]Set new viewmode: Unlit
[2018.05.05-21.45.18:288][744]LogGameState: Match State Changed from WaitingToStart to InProgress
[2018.05.05-21.45.18:288][744]PIE: Play in editor start time for /Game/Maps/UEDPIE_0_Level3 0.129
[2018.05.05-21.45.18:288][744]LogBlueprintUserMessages: Late PlayInEditor Detection: Level '/Game/Maps/Level3.Level3:PersistentLevel' has LevelScriptBlueprint '/Game/Maps/Level3.Level3:PersistentLevel.Level3' with GeneratedClass '/Game/Maps/Level3.Level3_C' with ClassGeneratedBy '/Game/Maps/Level3.Level3:PersistentLevel.Level3'
[2018.05.05-21.45.18:293][744]LogAudio: Warning: Detected orphaned looping sound 'BackgroundMusicCue'.
[2018.05.05-21.45.19:608][823]LogBlueprintUserMessages: Early EndPlayMap Detection: Level '/Game/Maps/Level3.Level3:PersistentLevel' has LevelScriptBlueprint '/Game/Maps/Level3.Level3:PersistentLevel.Level3' with GeneratedClass '/Game/Maps/Level3.Level3_C' with ClassGeneratedBy '/Game/Maps/Level3.Level3:PersistentLevel.Level3'
[2018.05.05-21.45.19:643][823]LogBlueprintUserMessages: Late EndPlayMap Detection: Level '/Game/Maps/Level3.Level3:PersistentLevel' has LevelScriptBlueprint '/Game/Maps/Level3.Level3:PersistentLevel.Level3' with GeneratedClass '/Game/Maps/Level3.Level3_C' with ClassGeneratedBy '/Game/Maps/Level3.Level3:PersistentLevel.Level3'
[2018.05.05-21.45.21:194][915]LogTemp: Repeating last play command: Selected Viewport
[2018.05.05-21.45.21:224][915]LogBlueprintUserMessages: Early PlayInEditor Detection: Level '/Game/Maps/Level3.Level3:PersistentLevel' has LevelScriptBlueprint '/Game/Maps/Level3.Level3:PersistentLevel.Level3' with GeneratedClass '/Game/Maps/Level3.Level3_C' with ClassGeneratedBy '/Game/Maps/Level3.Level3:PersistentLevel.Level3'
[2018.05.05-21.45.21:224][915]LogPlayLevel: PlayLevel: No blueprints needed recompiling
[2018.05.05-21.45.21:225][915]PIE: New page: PIE session: Level3 (5 May 2018 23:45:21)
[2018.05.05-21.45.21:225][915]LogPlayLevel: Creating play world package: /Game/Maps/UEDPIE_0_Level3
[2018.05.05-21.45.21:232][915]LogPlayLevel: PIE: StaticDuplicateObject took: (0.007389s)
[2018.05.05-21.45.21:233][915]LogAIModule: Creating AISystem for world Level3
[2018.05.05-21.45.21:233][915]LogPlayLevel: PIE: World Init took: (0.000586s)
[2018.05.05-21.45.21:233][915]LogPlayLevel: PIE: Created PIE world by copying editor world from /Game/Maps/Level3.Level3 to /Game/Maps/UEDPIE_0_Level3.Level3 (0.008228s)
[2018.05.05-21.45.21:246][915]LogInit: XAudio2 using 'Speakers (Realtek High Definition Audio)' : 2 channels at 48 kHz using 32 bits per sample (channel mask 0x3)
[2018.05.05-21.45.21:256][915]LogInit: FAudioDevice initialized.
[2018.05.05-21.45.21:286][915]LogLoad: Game class is 'MyGameMode_C'
[2018.05.05-21.45.21:294][915]LogWorld: Bringing World /Game/Maps/UEDPIE_0_Level3.Level3 up for play (max tick rate 60) at 2018.05.05-22.45.21
[2018.05.05-21.45.21:295][915]LogWorld: Bringing up level for play took: 0.008311
[2018.05.05-21.45.21:296][915]LogGameMode: Display: Match State Changed from EnteringMap to WaitingToStart
[2018.05.05-21.45.21:296][915]LogGameState: Match State Changed from EnteringMap to WaitingToStart
[2018.05.05-21.45.21:296][915]LogGameMode: Display: Match State Changed from WaitingToStart to InProgress
[2018.05.05-21.45.21:298][915]Set new viewmode: Unlit
[2018.05.05-21.45.21:298][915]LogGameState: Match State Changed from WaitingToStart to InProgress
[2018.05.05-21.45.21:298][915]PIE: Play in editor start time for /Game/Maps/UEDPIE_0_Level3 -0.86
[2018.05.05-21.45.21:298][915]LogBlueprintUserMessages: Late PlayInEditor Detection: Level '/Game/Maps/Level3.Level3:PersistentLevel' has LevelScriptBlueprint '/Game/Maps/Level3.Level3:PersistentLevel.Level3' with GeneratedClass '/Game/Maps/Level3.Level3_C' with ClassGeneratedBy '/Game/Maps/Level3.Level3:PersistentLevel.Level3'
[2018.05.05-21.45.21:303][915]LogAudio: Warning: Detected orphaned looping sound 'BackgroundMusicCue'.
[2018.05.05-21.45.23:951][ 74]LogGameMode: Display: Match State Changed from InProgress to LeavingMap
[2018.05.05-21.45.23:951][ 74]LogGameState: Match State Changed from InProgress to LeavingMap
[2018.05.05-21.45.23:952][ 74]LogGameMode: ProcessServerTravel: ?Restart
[2018.05.05-21.45.23:967][ 75]LogEngine: Server switch level: ?Restart
[2018.05.05-21.45.23:967][ 75]LogNet: Browse: /Game/Maps/Level3?Restart
[2018.05.05-21.45.23:968][ 75]LogLoad: LoadMap: /Game/Maps/Level3
[2018.05.05-21.45.23:981][ 75]LogPlayLevel: Creating play world package: /Game/Maps/UEDPIE_0_Level3
[2018.05.05-21.45.23:988][ 75]LogPlayLevel: PIE: StaticDuplicateObject took: (0.006687s)
[2018.05.05-21.45.23:988][ 75]LogAIModule: Creating AISystem for world Level3
[2018.05.05-21.45.23:988][ 75]LogPlayLevel: PIE: World Init took: (0.000610s)
[2018.05.05-21.45.23:988][ 75]LogPlayLevel: PIE: Created PIE world by copying editor world from /Game/Maps/Level3.Level3 to /Game/Maps/UEDPIE_0_Level3.Level3 (0.007617s)
[2018.05.05-21.45.23:988][ 75]LogLoad: Game class is 'MyGameMode_C'
[2018.05.05-21.45.23:994][ 75]LogWorld: Bringing World /Game/Maps/UEDPIE_0_Level3.Level3 up for play (max tick rate 60) at 2018.05.05-22.45.23
[2018.05.05-21.45.23:996][ 75]LogWorld: Bringing up level for play took: 0.006655
[2018.05.05-21.45.23:997][ 75]LogGameMode: Display: Match State Changed from EnteringMap to WaitingToStart
[2018.05.05-21.45.23:997][ 75]LogGameState: Match State Changed from EnteringMap to WaitingToStart
[2018.05.05-21.45.23:997][ 75]LogGameMode: Display: Match State Changed from WaitingToStart to InProgress
[2018.05.05-21.45.23:998][ 75]Set new viewmode: Unlit
[2018.05.05-21.45.23:998][ 75]LogGameState: Match State Changed from WaitingToStart to InProgress
[2018.05.05-21.45.23:998][ 75]LogLoad: Took 0.030834 seconds to LoadMap(/Game/Maps/UEDPIE_0_Level3)
[2018.05.05-21.45.24:000][ 75]LogAudio: Warning: Detected orphaned looping sound 'BackgroundMusicCue'.
[2018.05.05-21.45.26:648][234]LogGameMode: Display: Match State Changed from InProgress to LeavingMap
[2018.05.05-21.45.26:648][234]LogGameState: Match State Changed from InProgress to LeavingMap
[2018.05.05-21.45.26:650][234]LogGameMode: ProcessServerTravel: ?Restart
[2018.05.05-21.45.26:664][235]LogEngine: Server switch level: ?Restart
[2018.05.05-21.45.26:664][235]LogNet: Browse: /Game/Maps/Level3?Restart
[2018.05.05-21.45.26:664][235]LogLoad: LoadMap: /Game/Maps/Level3
[2018.05.05-21.45.26:677][235]LogPlayLevel: Creating play world package: /Game/Maps/UEDPIE_0_Level3
[2018.05.05-21.45.26:684][235]LogPlayLevel: PIE: StaticDuplicateObject took: (0.006608s)
[2018.05.05-21.45.26:684][235]LogAIModule: Creating AISystem for world Level3
[2018.05.05-21.45.26:684][235]LogPlayLevel: PIE: World Init took: (0.000562s)
[2018.05.05-21.45.26:685][235]LogPlayLevel: PIE: Created PIE world by copying editor world from /Game/Maps/Level3.Level3 to /Game/Maps/UEDPIE_0_Level3.Level3 (0.007488s)
[2018.05.05-21.45.26:685][235]LogLoad: Game class is 'MyGameMode_C'
[2018.05.05-21.45.26:690][235]LogWorld: Bringing World /Game/Maps/UEDPIE_0_Level3.Level3 up for play (max tick rate 60) at 2018.05.05-22.45.26
[2018.05.05-21.45.26:692][235]LogWorld: Bringing up level for play took: 0.006675
[2018.05.05-21.45.26:693][235]LogGameMode: Display: Match State Changed from EnteringMap to WaitingToStart
[2018.05.05-21.45.26:693][235]LogGameState: Match State Changed from EnteringMap to WaitingToStart
[2018.05.05-21.45.26:693][235]LogGameMode: Display: Match State Changed from WaitingToStart to InProgress
[2018.05.05-21.45.26:694][235]Set new viewmode: Unlit
[2018.05.05-21.45.26:695][235]LogGameState: Match State Changed from WaitingToStart to InProgress
[2018.05.05-21.45.26:695][235]LogLoad: Took 0.030768 seconds to LoadMap(/Game/Maps/UEDPIE_0_Level3)
[2018.05.05-21.45.26:697][235]LogAudio: Warning: Detected orphaned looping sound 'BackgroundMusicCue'.
[2018.05.05-21.45.30:378][456]LogBlueprintUserMessages: Early EndPlayMap Detection: Level '/Game/Maps/Level3.Level3:PersistentLevel' has LevelScriptBlueprint '/Game/Maps/Level3.Level3:PersistentLevel.Level3' with GeneratedClass '/Game/Maps/Level3.Level3_C' with ClassGeneratedBy '/Game/Maps/Level3.Level3:PersistentLevel.Level3'
[2018.05.05-21.45.30:412][456]LogBlueprintUserMessages: Late EndPlayMap Detection: Level '/Game/Maps/Level3.Level3:PersistentLevel' has LevelScriptBlueprint '/Game/Maps/Level3.Level3:PersistentLevel.Level3' with GeneratedClass '/Game/Maps/Level3.Level3_C' with ClassGeneratedBy '/Game/Maps/Level3.Level3:PersistentLevel.Level3'
[2018.05.05-21.45.32:246][563]Cmd: OBJ SAVEPACKAGE PACKAGE="/Game/Maps/Level3" FILE="../../../../../../Users/BUI/Documents/Unreal Projects/Coursework2/Content/Maps/Level3.umap" SILENT=true AUTOSAVING=false KEEPDIRTY=false
[2018.05.05-21.45.32:552][563]LogSavePackage: Save=269.01ms
[2018.05.05-21.45.32:552][563]LogSavePackage: Moving '../../../../../../Users/BUI/Documents/Unreal Projects/Coursework2/Saved/Level3CA9B2A7B4164902C415408B0A5670169.tmp' to '../../../../../../Users/BUI/Documents/Unreal Projects/Coursework2/Content/Maps/Level3.umap'
[2018.05.05-21.45.32:557][563]LogSavePackage: Display: Finished SavePackage ../../../../../../Users/BUI/Documents/Unreal Projects/Coursework2/Content/Maps/Level3.umap
[2018.05.05-21.45.34:072][641]LogWindowsTextInputMethodSystem: Display: IME system now deactivated.
[2018.05.05-21.45.34:270][642]Cmd: QUIT_EDITOR
[2018.05.05-21.45.34:961][642]LogExit: Preparing to exit.
[2018.05.05-21.45.35:194][642]LogDirectoryWatcher: A directory notification for 'C:/Users/BUI/Documents/Unreal Projects/Coursework2/Content/' was aborted.
[2018.05.05-21.45.35:220][642]LogExit: Editor shut down
[2018.05.05-21.45.35:222][642]LogExit: Transaction tracking system shut down
[2018.05.05-21.45.35:376][642]LogDirectoryWatcher: A directory notification for '../../../Engine/Content/' was aborted.
[2018.05.05-21.45.35:376][642]LogDirectoryWatcher: A directory notification for '../../../../../../Users/BUI/Documents/Unreal Projects/Coursework2/Content/' was aborted.
[2018.05.05-21.45.35:376][642]LogDirectoryWatcher: A directory notification for '../../../Engine/Plugins/2D/Paper2D/Content/' was aborted.
[2018.05.05-21.45.35:376][642]LogDirectoryWatcher: A directory notification for '../../../Engine/Plugins/Media/MediaCompositing/Content/' was aborted.
[2018.05.05-21.45.35:376][642]LogDirectoryWatcher: A directory notification for '../../../Engine/Plugins/Runtime/AppleARKit/Content/' was aborted.
[2018.05.05-21.45.35:376][642]LogDirectoryWatcher: A directory notification for '../../../Engine/Plugins/Runtime/Oculus/OculusVR/Content/' was aborted.
[2018.05.05-21.45.35:376][642]LogDirectoryWatcher: A directory notification for '../../../Engine/Plugins/Runtime/Steam/SteamVR/Content/' was aborted.
[2018.05.05-21.45.35:422][642]LogExit: Object subsystem successfully closed.
[2018.05.05-21.45.35:500][642]LogD3D11RHI: Shutdown
[2018.05.05-21.45.35:500][642]LogD3D11RHI: CleanupD3DDevice
[2018.05.05-21.45.35:502][642]LogD3D11RHI: ~FD3D11DynamicRHI
[2018.05.05-21.45.35:518][642]LogModuleManager: Shutting down and abandoning module MovieSceneCapture (554)
[2018.05.05-21.45.35:518][642]LogModuleManager: Shutting down and abandoning module HierarchicalLODOutliner (552)
[2018.05.05-21.45.35:518][642]LogModuleManager: Shutting down and abandoning module SceneOutliner (550)
[2018.05.05-21.45.35:518][642]LogModuleManager: Shutting down and abandoning module AddContentDialog (548)
[2018.05.05-21.45.35:518][642]LogDirectoryWatcher: A directory notification for 'C:/Program Files/Epic Games/UE_4.18/FeaturePacks/' was aborted.
[2018.05.05-21.45.35:519][642]LogModuleManager: Shutting down and abandoning module WidgetCarousel (547)
[2018.05.05-21.45.35:519][642]LogModuleManager: Shutting down and abandoning module EditorWidgets (544)
[2018.05.05-21.45.35:519][642]LogModuleManager: Shutting down and abandoning module CollectionManager (542)
[2018.05.05-21.45.35:519][642]LogDirectoryWatcher: A directory notification for 'C:/Users/BUI/Documents/Unreal Projects/Coursework2/Content/Collections/' was aborted.
[2018.05.05-21.45.35:519][642]LogDirectoryWatcher: A directory notification for 'C:/Users/BUI/Documents/Unreal Projects/Coursework2/Content/Developers/BUI/Collections/' was aborted.
[2018.05.05-21.45.35:519][642]LogDirectoryWatcher: A directory notification for 'C:/Users/BUI/Documents/Unreal Projects/Coursework2/Saved/Collections/' was aborted.
[2018.05.05-21.45.35:519][642]LogModuleManager: Shutting down and abandoning module StatsViewer (540)
[2018.05.05-21.45.35:519][642]LogModuleManager: Shutting down and abandoning module FoliageEdit (538)
[2018.05.05-21.45.35:519][642]LogModuleManager: Shutting down and abandoning module LandscapeEditor (536)
[2018.05.05-21.45.35:519][642]LogModuleManager: Shutting down and abandoning module MeshPaintMode (534)
[2018.05.05-21.45.35:520][642]LogModuleManager: Shutting down and abandoning module SceneDepthPickerMode (532)
[2018.05.05-21.45.35:520][642]LogModuleManager: Shutting down and abandoning module ActorPickerMode (530)
[2018.05.05-21.45.35:520][642]LogModuleManager: Shutting down and abandoning module GeometryMode (528)
[2018.05.05-21.45.35:520][642]LogModuleManager: Shutting down and abandoning module TextureAlignMode (526)
[2018.05.05-21.45.35:520][642]LogModuleManager: Shutting down and abandoning module BspMode (524)
[2018.05.05-21.45.35:520][642]LogModuleManager: Shutting down and abandoning module PIEPreviewDeviceProfileSelector (522)
[2018.05.05-21.45.35:520][642]LogModuleManager: Shutting down and abandoning module HardwareSurvey (520)
[2018.05.05-21.45.35:520][642]LogModuleManager: Shutting down and abandoning module SequenceRecorderSections (518)
[2018.05.05-21.45.35:520][642]LogModuleManager: Shutting down and abandoning module AutomationWorker (516)
[2018.05.05-21.45.35:520][642]LogModuleManager: Shutting down and abandoning module MatineeToLevelSequence (514)
[2018.05.05-21.45.35:520][642]LogModuleManager: Shutting down and abandoning module LevelSequenceEditor (512)
[2018.05.05-21.45.35:520][642]LogModuleManager: Shutting down and abandoning module PlacementMode (511)
[2018.05.05-21.45.35:520][642]LogModuleManager: Shutting down and abandoning module WmfMediaFactory (508)
[2018.05.05-21.45.35:520][642]LogModuleManager: Shutting down and abandoning module WmfMediaEditor (506)
[2018.05.05-21.45.35:520][642]LogModuleManager: Shutting down and abandoning module OpenExrWrapper (504)
[2018.05.05-21.45.35:520][642]LogModuleManager: Shutting down and abandoning module ImgMediaFactory (502)
[2018.05.05-21.45.35:520][642]LogModuleManager: Shutting down and abandoning module ImgMediaEditor (500)
[2018.05.05-21.45.35:520][642]LogModuleManager: Shutting down and abandoning module AvfMediaFactory (498)
[2018.05.05-21.45.35:520][642]LogModuleManager: Shutting down and abandoning module AvfMediaEditor (496)
[2018.05.05-21.45.35:520][642]LogModuleManager: Shutting down and abandoning module AndroidMediaFactory (494)
[2018.05.05-21.45.35:520][642]LogModuleManager: Shutting down and abandoning module AndroidMediaEditor (492)
[2018.05.05-21.45.35:520][642]LogModuleManager: Shutting down and abandoning module CharacterAI (490)
[2018.05.05-21.45.35:520][642]LogModuleManager: Shutting down and abandoning module AudioCapture (488)
[2018.05.05-21.45.35:520][642]LogModuleManager: Shutting down and abandoning module SequenceRecorder (487)
[2018.05.05-21.45.35:520][642]LogModuleManager: Shutting down and abandoning module SmartSnapping (484)
[2018.05.05-21.45.35:520][642]LogModuleManager: Shutting down and abandoning module SessionServices (482)
[2018.05.05-21.45.35:520][642]LogModuleManager: Shutting down and abandoning module ViewportSnapping (480)
[2018.05.05-21.45.35:520][642]LogModuleManager: Shutting down and abandoning module ViewportInteraction (478)
[2018.05.05-21.45.35:520][642]LogModuleManager: Shutting down and abandoning module ClothPainter (476)
[2018.05.05-21.45.35:520][642]LogModuleManager: Shutting down and abandoning module SkeletalMeshEditor (475)
[2018.05.05-21.45.35:520][642]LogModuleManager: Shutting down and abandoning module LogVisualizer (472)
[2018.05.05-21.45.35:520][642]LogModuleManager: Shutting down and abandoning module IntroTutorials (470)
[2018.05.05-21.45.35:520][642]LogModuleManager: Shutting down and abandoning module GameProjectGeneration (469)
[2018.05.05-21.45.35:521][642]LogModuleManager: Shutting down and abandoning module IOSPlatformEditor (466)
[2018.05.05-21.45.35:521][642]LogModuleManager: Shutting down and abandoning module HTML5PlatformEditor (464)
[2018.05.05-21.45.35:521][642]LogModuleManager: Shutting down and abandoning module AndroidPlatformEditor (462)
[2018.05.05-21.45.35:521][642]LogModuleManager: Shutting down and abandoning module AndroidDeviceDetection (461)
[2018.05.05-21.45.35:741][642]LogModuleManager: Shutting down and abandoning module WindowsPlatformEditor (458)
[2018.05.05-21.45.35:741][642]LogModuleManager: Shutting down and abandoning module IOSRuntimeSettings (456)
[2018.05.05-21.45.35:741][642]LogModuleManager: Shutting down and abandoning module AndroidRuntimeSettings (454)
[2018.05.05-21.45.35:741][642]LogModuleManager: Shutting down and abandoning module InputBindingEditor (452)
[2018.05.05-21.45.35:741][642]LogModuleManager: Shutting down and abandoning module MergeActors (450)
[2018.05.05-21.45.35:741][642]LogModuleManager: Shutting down and abandoning module SizeMap (448)
[2018.05.05-21.45.35:741][642]LogModuleManager: Shutting down and abandoning module TreeMap (446)
[2018.05.05-21.45.35:741][642]LogModuleManager: Shutting down and abandoning module ReferenceViewer (444)
[2018.05.05-21.45.35:741][642]LogModuleManager: Shutting down and abandoning module LocalizationDashboard (442)
[2018.05.05-21.45.35:741][642]LogModuleManager: Shutting down and abandoning module LocalizationService (441)
[2018.05.05-21.45.35:741][642]LogModuleManager: Shutting down and abandoning module HardwareTargeting (438)
[2018.05.05-21.45.35:741][642]LogModuleManager: Shutting down and abandoning module DeviceProfileEditor (436)
[2018.05.05-21.45.35:741][642]LogModuleManager: Shutting down and abandoning module UndoHistory (434)
[2018.05.05-21.45.35:741][642]LogModuleManager: Shutting down and abandoning module XmlParser (432)
[2018.05.05-21.45.35:741][642]LogModuleManager: Shutting down and abandoning module Blutility (430)
[2018.05.05-21.45.35:741][642]LogModuleManager: Shutting down and abandoning module ProjectSettingsViewer (428)
[2018.05.05-21.45.35:741][642]LogModuleManager: Shutting down and abandoning module ProjectTargetPlatformEditor (427)
[2018.05.05-21.45.35:742][642]LogModuleManager: Shutting down and abandoning module EditorSettingsViewer (424)
[2018.05.05-21.45.35:742][642]LogModuleManager: Shutting down and abandoning module SettingsEditor (422)
[2018.05.05-21.45.35:742][642]LogModuleManager: Shutting down and abandoning module ProjectLauncher (420)
[2018.05.05-21.45.35:742][642]LogModuleManager: Shutting down and abandoning module SessionFrontend (418)
[2018.05.05-21.45.35:742][642]LogModuleManager: Shutting down and abandoning module ProfilerClient (416)
[2018.05.05-21.45.35:742][642]LogModuleManager: Shutting down and abandoning module DeviceManager (414)
[2018.05.05-21.45.35:742][642]LogModuleManager: Shutting down and abandoning module TargetDeviceServices (413)
[2018.05.05-21.45.35:784][642]LogModuleManager: Shutting down and abandoning module AutomationController (410)
[2018.05.05-21.45.35:784][642]LogModuleManager: Shutting down and abandoning module AutomationWindow (408)
[2018.05.05-21.45.35:784][642]LogModuleManager: Shutting down and abandoning module Layers (406)
[2018.05.05-21.45.35:784][642]LogModuleManager: Shutting down and abandoning module ComponentVisualizers (404)
[2018.05.05-21.45.35:784][642]LogModuleManager: Shutting down and abandoning module DetailCustomizations (402)
[2018.05.05-21.45.35:784][642]LogModuleManager: Shutting down and abandoning module PackagesDialog (400)
[2018.05.05-21.45.35:784][642]LogModuleManager: Shutting down and abandoning module Persona (398)
[2018.05.05-21.45.35:784][642]LogModuleManager: Shutting down and abandoning module AdvancedPreviewScene (397)
[2018.05.05-21.45.35:784][642]LogModuleManager: Shutting down and abandoning module AnimGraph (395)
[2018.05.05-21.45.35:784][642]LogModuleManager: Shutting down and abandoning module Kismet (392)
[2018.05.05-21.45.35:785][642]LogModuleManager: Shutting down and abandoning module ClassViewer (390)
[2018.05.05-21.45.35:785][642]LogModuleManager: Shutting down and abandoning module Toolbox (388)
[2018.05.05-21.45.35:785][642]LogModuleManager: Shutting down and abandoning module ModuleUI (386)
[2018.05.05-21.45.35:785][642]LogModuleManager: Shutting down and abandoning module MovieSceneTools (384)
[2018.05.05-21.45.35:785][642]LogModuleManager: Shutting down and abandoning module OutputLog (382)
[2018.05.05-21.45.35:785][642]LogModuleManager: Shutting down and abandoning module GammaUI (380)
[2018.05.05-21.45.35:785][642]LogModuleManager: Shutting down and abandoning module Documentation (378)
[2018.05.05-21.45.35:786][642]LogModuleManager: Shutting down and abandoning module MovieSceneTracks (376)
[2018.05.05-21.45.35:786][642]LogModuleManager: Shutting down and abandoning module MovieScene (374)
[2018.05.05-21.45.35:786][642]LogModuleManager: Shutting down and abandoning module StreamingPauseRendering (372)
[2018.05.05-21.45.35:786][642]LogModuleManager: Shutting down and abandoning module LauncherPlatform (370)
[2018.05.05-21.45.35:786][642]LogModuleManager: Shutting down and abandoning module AnalyticsET (368)
[2018.05.05-21.45.35:786][642]LogModuleManager: Shutting down and abandoning module PortalServices (366)
[2018.05.05-21.45.35:786][642]LogModuleManager: Shutting down and abandoning module PortalRpc (364)
[2018.05.05-21.45.35:786][642]LogModuleManager: Shutting down and abandoning module MessagingRpc (362)
[2018.05.05-21.45.35:786][642]LogModuleManager: Shutting down and abandoning module AIModule (360)
[2018.05.05-21.45.35:786][642]LogModuleManager: Shutting down and abandoning module GameplayDebugger (359)
[2018.05.05-21.45.35:786][642]LogModuleManager: Shutting down and abandoning module AITestSuite (357)
[2018.05.05-21.45.35:786][642]LogModuleManager: Shutting down and abandoning module DesktopPlatform (354)
[2018.05.05-21.45.35:786][642]LogModuleManager: Shutting down and abandoning module ProfilerService (352)
[2018.05.05-21.45.35:951][642]LogModuleManager: Shutting down and abandoning module TaskGraph (350)
[2018.05.05-21.45.35:951][642]LogModuleManager: Shutting down and abandoning module SteamVRController (348)
[2018.05.05-21.45.35:951][642]LogModuleManager: Shutting down and abandoning module ProceduralMeshComponentEditor (346)
[2018.05.05-21.45.35:951][642]LogModuleManager: Shutting down and abandoning module ProceduralMeshComponent (344)
[2018.05.05-21.45.35:951][642]LogModuleManager: Shutting down and abandoning module OculusInput (342)
[2018.05.05-21.45.35:951][642]LogModuleManager: Shutting down and abandoning module MobilePatchingUtils (340)
[2018.05.05-21.45.35:951][642]LogModuleManager: Shutting down and abandoning module CustomMeshComponent (338)
[2018.05.05-21.45.35:951][642]LogModuleManager: Shutting down and abandoning module CableComponent (336)
[2018.05.05-21.45.35:951][642]LogModuleManager: Shutting down and abandoning module ArchVisCharacter (334)
[2018.05.05-21.45.35:951][642]LogModuleManager: Shutting down and abandoning module AndroidPermission (332)
[2018.05.05-21.45.35:951][642]LogModuleManager: Shutting down and abandoning module ActorSequence (328)
[2018.05.05-21.45.35:951][642]LogModuleManager: Shutting down and abandoning module MediaPlayerEditor (326)
[2018.05.05-21.45.35:951][642]LogModuleManager: Shutting down and abandoning module MediaCompositingEditor (324)
[2018.05.05-21.45.35:951][642]LogModuleManager: Shutting down and abandoning module MediaCompositing (322)
[2018.05.05-21.45.35:951][642]LogModuleManager: Shutting down and abandoning module HTML5Networking (320)
[2018.05.05-21.45.35:951][642]LogModuleManager: Shutting down and abandoning module AlembicImporter (318)
[2018.05.05-21.45.35:951][642]LogModuleManager: Shutting down and abandoning module AlembicLibrary (317)
[2018.05.05-21.45.35:952][642]LogModuleManager: Shutting down and abandoning module GeometryCache (316)
[2018.05.05-21.45.35:952][642]LogModuleManager: Shutting down and abandoning module GeometryCacheEd (315)
[2018.05.05-21.45.35:952][642]LogModuleManager: Shutting down and abandoning module SpeedTreeImporter (310)
[2018.05.05-21.45.35:952][642]LogModuleManager: Shutting down and abandoning module PluginBrowser (308)
[2018.05.05-21.45.35:952][642]LogModuleManager: Shutting down and abandoning module MobileLauncherProfileWizard (306)
[2018.05.05-21.45.35:952][642]LogModuleManager: Shutting down and abandoning module VisualStudioSourceCodeAccess (304)
[2018.05.05-21.45.35:952][642]LogModuleManager: Shutting down and abandoning module VisualStudioCodeSourceCodeAccess (302)
[2018.05.05-21.45.35:952][642]LogModuleManager: Shutting down and abandoning module UObjectPlugin (300)
[2018.05.05-21.45.35:952][642]LogModuleManager: Shutting down and abandoning module SubversionSourceControl (298)
[2018.05.05-21.45.35:952][642]LogModuleManager: Shutting down and abandoning module PerforceSourceControl (296)
[2018.05.05-21.45.35:952][642]LogModuleManager: Shutting down and abandoning module GitSourceControl (294)
[2018.05.05-21.45.35:952][642]LogModuleManager: Shutting down and abandoning module SourceControl (293)
[2018.05.05-21.45.35:952][642]LogModuleManager: Shutting down and abandoning module LightPropagationVolumeEditor (290)
[2018.05.05-21.45.35:952][642]LogModuleManager: Shutting down and abandoning module PaperTiledImporter (288)
[2018.05.05-21.45.35:952][642]LogModuleManager: Shutting down and abandoning module PaperSpriteSheetImporter (286)
[2018.05.05-21.45.35:952][642]LogModuleManager: Shutting down and abandoning module Paper2DEditor (284)
[2018.05.05-21.45.35:952][642]LogModuleManager: Shutting down and abandoning module MeshPaint (283)
[2018.05.05-21.45.35:952][642]LogModuleManager: Shutting down and abandoning module LevelEditor (281)
[2018.05.05-21.45.35:953][642]LogModuleManager: Shutting down and abandoning module PixelInspectorModule (280)
[2018.05.05-21.45.35:953][642]LogModuleManager: Shutting down and abandoning module MainFrame (278)
[2018.05.05-21.45.35:953][642]LogModuleManager: Shutting down and abandoning module HotReload (277)
[2018.05.05-21.45.35:954][642]LogModuleManager: Shutting down and abandoning module RuntimePhysXCooking (272)
[2018.05.05-21.45.35:954][642]LogModuleManager: Shutting down and abandoning module PhysXVehiclesEditor (270)
[2018.05.05-21.45.35:954][642]LogModuleManager: Shutting down and abandoning module PhysXVehicles (268)
[2018.05.05-21.45.35:954][642]LogModuleManager: Shutting down and abandoning module OculusEditor (266)
[2018.05.05-21.45.35:954][642]LogModuleManager: Shutting down and abandoning module LocationServicesBPLibrary (264)
[2018.05.05-21.45.35:954][642]LogModuleManager: Shutting down and abandoning module ImmediatePhysicsEditor (262)
[2018.05.05-21.45.35:954][642]LogModuleManager: Shutting down and abandoning module ImmediatePhysics (260)
[2018.05.05-21.45.35:954][642]LogModuleManager: Shutting down and abandoning module ApexDestructionEditor (258)
[2018.05.05-21.45.35:954][642]LogModuleManager: Shutting down and abandoning module ApexDestruction (256)
[2018.05.05-21.45.35:954][642]LogModuleManager: Shutting down and abandoning module UdpMessaging (254)
[2018.05.05-21.45.36:055][642]LogModuleManager: Shutting down and abandoning module TcpMessaging (252)
[2018.05.05-21.45.36:156][642]LogModuleManager: Shutting down and abandoning module GameplayTagsEditor (250)
[2018.05.05-21.45.36:156][642]LogModuleManager: Shutting down and abandoning module FacialAnimationEditor (248)
[2018.05.05-21.45.36:156][642]LogModuleManager: Shutting down and abandoning module FacialAnimation (246)
[2018.05.05-21.45.36:156][642]LogModuleManager: Shutting down and abandoning module AssetManagerEditor (244)
[2018.05.05-21.45.36:156][642]LogModuleManager: Shutting down and abandoning module GraphEditor (243)
[2018.05.05-21.45.36:156][642]LogModuleManager: Shutting down and abandoning module ContentBrowser (241)
[2018.05.05-21.45.36:157][642]LogModuleManager: Shutting down and abandoning module LightPropagationVolumeRuntime (238)
[2018.05.05-21.45.36:157][642]LogModuleManager: Shutting down and abandoning module Paper2D (236)
[2018.05.05-21.45.36:157][642]LogModuleManager: Shutting down and abandoning module WindowsMoviePlayer (234)
[2018.05.05-21.45.36:157][642]LogModuleManager: Shutting down and abandoning module WmfMedia (232)
[2018.05.05-21.45.36:157][642]LogModuleManager: Shutting down and abandoning module ImgMedia (230)
[2018.05.05-21.45.36:157][642]LogModuleManager: Shutting down and abandoning module PacketHandler (228)
[2018.05.05-21.45.36:157][642]LogModuleManager: Shutting down and abandoning module ClothingSystemEditor (226)
[2018.05.05-21.45.36:157][642]LogModuleManager: Shutting down and abandoning module ClothingSystemRuntime (224)
[2018.05.05-21.45.36:157][642]LogModuleManager: Shutting down and abandoning module MediaAssets (222)
[2018.05.05-21.45.36:157][642]LogModuleManager: Shutting down and abandoning module Media (221)
[2018.05.05-21.45.36:163][642]LogModuleManager: Shutting down and abandoning module Overlay (218)
[2018.05.05-21.45.36:163][642]LogModuleManager: Shutting down and abandoning module OverlayEditor (217)
[2018.05.05-21.45.36:163][642]LogModuleManager: Shutting down and abandoning module VREditor (214)
[2018.05.05-21.45.36:163][642]LogModuleManager: Shutting down and abandoning module StringTableEditor (212)
[2018.05.05-21.45.36:163][642]LogModuleManager: Shutting down and abandoning module GameplayTasksEditor (210)
[2018.05.05-21.45.36:163][642]LogModuleManager: Shutting down and abandoning module BehaviorTreeEditor (208)
[2018.05.05-21.45.36:163][642]LogModuleManager: Shutting down and abandoning module FunctionalTesting (206)
[2018.05.05-21.45.36:163][642]LogModuleManager: Shutting down and abandoning module CollisionAnalyzer (204)
[2018.05.05-21.45.36:163][642]LogModuleManager: Shutting down and abandoning module WorkspaceMenuStructure (203)
[2018.05.05-21.45.36:163][642]LogModuleManager: Shutting down and abandoning module UMG (200)
[2018.05.05-21.45.36:163][642]LogModuleManager: Shutting down and abandoning module UMGEditor (199)
[2018.05.05-21.45.36:163][642]LogModuleManager: Shutting down and abandoning module Sequencer (198)
[2018.05.05-21.45.36:163][642]LogModuleManager: Shutting down and abandoning module MessageLog (195)
[2018.05.05-21.45.36:164][642]LogModuleManager: Shutting down and abandoning module SlateReflector (190)
[2018.05.05-21.45.36:164][642]LogModuleManager: Shutting down and abandoning module Slate (188)
[2018.05.05-21.45.36:164][642]LogModuleManager: Shutting down and abandoning module EditorStyle (186)
[2018.05.05-21.45.36:166][642]LogModuleManager: Shutting down and abandoning module MRMesh (184)
[2018.05.05-21.45.36:166][642]LogModuleManager: Shutting down and abandoning module SourceCodeAccess (182)
[2018.05.05-21.45.36:166][642]LogModuleManager: Shutting down and abandoning module HeadMountedDisplay (180)
[2018.05.05-21.45.36:166][642]LogModuleManager: Shutting down and abandoning module XAudio2 (178)
[2018.05.05-21.45.36:166][642]LogModuleManager: Shutting down and abandoning module Networking (176)
[2018.05.05-21.45.36:166][642]LogModuleManager: Shutting down and abandoning module Core (172)
[2018.05.05-21.45.36:166][642]LogModuleManager: Shutting down and abandoning module LevelSequence (168)
[2018.05.05-21.45.36:166][642]LogModuleManager: Shutting down and abandoning module DirectoryWatcher (166)
[2018.05.05-21.45.36:166][642]LogModuleManager: Shutting down and abandoning module KismetCompiler (164)
[2018.05.05-21.45.36:166][642]LogModuleManager: Shutting down and abandoning module MeshUtilities (162)
[2018.05.05-21.45.36:166][642]LogModuleManager: Shutting down and abandoning module MeshMergeUtilities (161)
[2018.05.05-21.45.36:166][642]LogModuleManager: Shutting down and abandoning module MeshReductionInterface (160)
[2018.05.05-21.45.36:166][642]LogModuleManager: Shutting down and abandoning module SimplygonSwarm (159)
[2018.05.05-21.45.36:166][642]LogModuleManager: Shutting down and abandoning module SimplygonMeshReduction (157)
[2018.05.05-21.45.36:166][642]LogModuleManager: Shutting down and abandoning module QuadricMeshReduction (155)
[2018.05.05-21.45.36:166][642]LogModuleManager: Shutting down and abandoning module MaterialBaking (151)
[2018.05.05-21.45.36:166][642]LogModuleManager: Shutting down and abandoning module DerivedDataCache (148)
[2018.05.05-21.45.36:543][642]LogDerivedDataCache: Shutdown
[2018.05.05-21.45.36:543][642]LogModuleManager: Shutting down and abandoning module TargetPlatform (146)
[2018.05.05-21.45.36:543][642]LogModuleManager: Shutting down and abandoning module VulkanShaderFormat (145)
[2018.05.05-21.45.36:544][642]LogModuleManager: Shutting down and abandoning module ShaderFormatVectorVM (143)
[2018.05.05-21.45.36:544][642]LogModuleManager: Shutting down and abandoning module ShaderFormatOpenGL (141)
[2018.05.05-21.45.36:544][642]LogModuleManager: Shutting down and abandoning module ShaderFormatD3D (139)
[2018.05.05-21.45.36:544][642]LogModuleManager: Shutting down and abandoning module MetalShaderFormat (137)
[2018.05.05-21.45.36:544][642]LogModuleManager: Shutting down and abandoning module TextureFormatUncompressed (135)
[2018.05.05-21.45.36:544][642]LogModuleManager: Shutting down and abandoning module TextureFormatPVR (133)
[2018.05.05-21.45.36:544][642]LogModuleManager: Shutting down and abandoning module TextureFormatDXT (131)
[2018.05.05-21.45.36:544][642]LogModuleManager: Shutting down and abandoning module TextureFormatIntelISPCTexComp (129)
[2018.05.05-21.45.36:544][642]LogModuleManager: Shutting down and abandoning module TextureFormatASTC (127)
[2018.05.05-21.45.36:544][642]LogModuleManager: Shutting down and abandoning module ImageWrapper (126)
[2018.05.05-21.45.36:544][642]LogModuleManager: Shutting down and abandoning module TextureFormatAndroid (123)
[2018.05.05-21.45.36:544][642]LogModuleManager: Shutting down and abandoning module AudioFormatOpus (121)
[2018.05.05-21.45.36:544][642]LogModuleManager: Shutting down and abandoning module AudioFormatOgg (119)
[2018.05.05-21.45.36:544][642]LogModuleManager: Shutting down and abandoning module AudioFormatADPCM (117)
[2018.05.05-21.45.36:544][642]LogModuleManager: Shutting down and abandoning module LinuxTargetPlatform (115)
[2018.05.05-21.45.36:544][642]LogModuleManager: Shutting down and abandoning module LinuxServerTargetPlatform (113)
[2018.05.05-21.45.36:544][642]LogModuleManager: Shutting down and abandoning module LinuxNoEditorTargetPlatform (111)
[2018.05.05-21.45.36:544][642]LogModuleManager: Shutting down and abandoning module LinuxClientTargetPlatform (109)
[2018.05.05-21.45.36:544][642]LogModuleManager: Shutting down and abandoning module TVOSTargetPlatform (107)
[2018.05.05-21.45.36:544][642]LogModuleManager: Shutting down and abandoning module Messaging (105)
[2018.05.05-21.45.36:544][642]LogModuleManager: Shutting down and abandoning module IOSTargetPlatform (103)
[2018.05.05-21.45.36:544][642]LogModuleManager: Shutting down and abandoning module HTML5TargetPlatform (101)
[2018.05.05-21.45.36:544][642]LogModuleManager: Shutting down and abandoning module AndroidTargetPlatform (99)
[2018.05.05-21.45.36:544][642]LogModuleManager: Shutting down and abandoning module Android_PVRTCTargetPlatform (97)
[2018.05.05-21.45.36:544][642]LogModuleManager: Shutting down and abandoning module Android_MultiTargetPlatform (95)
[2018.05.05-21.45.36:544][642]LogModuleManager: Shutting down and abandoning module Android_ETC2TargetPlatform (93)
[2018.05.05-21.45.36:544][642]LogModuleManager: Shutting down and abandoning module Android_ETC1TargetPlatform (91)
[2018.05.05-21.45.36:544][642]LogModuleManager: Shutting down and abandoning module Android_DXTTargetPlatform (89)
[2018.05.05-21.45.36:544][642]LogModuleManager: Shutting down and abandoning module Android_ATCTargetPlatform (87)
[2018.05.05-21.45.36:544][642]LogModuleManager: Shutting down and abandoning module Android_ASTCTargetPlatform (85)
[2018.05.05-21.45.36:544][642]LogModuleManager: Shutting down and abandoning module WindowsTargetPlatform (83)
[2018.05.05-21.45.36:544][642]LogModuleManager: Shutting down and abandoning module WindowsServerTargetPlatform (81)
[2018.05.05-21.45.36:544][642]LogModuleManager: Shutting down and abandoning module WindowsNoEditorTargetPlatform (79)
[2018.05.05-21.45.36:544][642]LogModuleManager: Shutting down and abandoning module WindowsClientTargetPlatform (77)
[2018.05.05-21.45.36:544][642]LogModuleManager: Shutting down and abandoning module MacTargetPlatform (75)
[2018.05.05-21.45.36:544][642]LogModuleManager: Shutting down and abandoning module MacServerTargetPlatform (73)
[2018.05.05-21.45.36:544][642]LogModuleManager: Shutting down and abandoning module MacNoEditorTargetPlatform (71)
[2018.05.05-21.45.36:544][642]LogModuleManager: Shutting down and abandoning module MacClientTargetPlatform (69)
[2018.05.05-21.45.36:544][642]LogModuleManager: Shutting down and abandoning module AllDesktopTargetPlatform (67)
[2018.05.05-21.45.36:544][642]LogModuleManager: Shutting down and abandoning module InputCore (64)
[2018.05.05-21.45.36:544][642]LogModuleManager: Shutting down and abandoning module Settings (62)
[2018.05.05-21.45.36:544][642]LogModuleManager: Shutting down and abandoning module PhysXCooking (60)
[2018.05.05-21.45.36:544][642]LogModuleManager: Shutting down and abandoning module SteamVR (58)
[2018.05.05-21.45.36:544][642]LogModuleManager: Shutting down and abandoning module OculusHMD (56)
[2018.05.05-21.45.36:544][642]LogModuleManager: Shutting down and abandoning module ExampleDeviceProfileSelector (54)
[2018.05.05-21.45.36:544][642]LogModuleManager: Shutting down and abandoning module AppleARKit (52)
[2018.05.05-21.45.36:544][642]LogModuleManager: Shutting down and abandoning module AugmentedReality (51)
[2018.05.05-21.45.36:544][642]LogModuleManager: Shutting down and abandoning module OnlineBlueprintSupport (48)
[2018.05.05-21.45.36:544][642]LogModuleManager: Shutting down and abandoning module OnlineSubsystem (44)
[2018.05.05-21.45.36:544][642]LogModuleManager: Shutting down and abandoning module XMPP (43)
[2018.05.05-21.45.36:545][642]LogModuleManager: Shutting down and abandoning module HTTP (41)
[2018.05.05-21.45.36:545][642]LogHttp: Display: Http module shutting down, but needs to wait on 1 outstanding Http requests:
[2018.05.05-21.45.36:545][642]LogHttp: Display: 	verb=[POST] url=[https://datarouter.ol.epicgames.com/datarouter/api/v1/public/data?SessionID=%7BD22B5389-449A-C7C5-C305-71B21B9B3EBC%7D&AppID=UEEditor.Rocket.Release&AppVersion=4.18.3-3832480%2B%2B%2BUE4%2BRelease-4.18&UserID=c30fd531495a38277fa0f394c8c992dd%7C12bb9ad1e163489d823aea5dc2e42d3e%7C178b836b-f68c-4ccc-9928-7074027a386b&AppEnvironment=datacollector-binary&UploadType=eteventstream] status=Processing
[2018.05.05-21.45.36:563][642]LogModuleManager: Shutting down and abandoning module SSL (40)
[2018.05.05-21.45.36:564][642]LogModuleManager: Shutting down and abandoning module AnimationModifiers (36)
[2018.05.05-21.45.36:564][642]LogModuleManager: Shutting down and abandoning module PropertyEditor (35)
[2018.05.05-21.45.36:564][642]LogModuleManager: Shutting down and abandoning module AudioEditor (32)
[2018.05.05-21.45.36:564][642]LogModuleManager: Shutting down and abandoning module TextureCompressor (30)
[2018.05.05-21.45.36:564][642]LogModuleManager: Shutting down and abandoning module ShaderCore (28)
[2018.05.05-21.45.36:564][642]LogModuleManager: Shutting down and abandoning module Landscape (26)
[2018.05.05-21.45.36:564][642]LogModuleManager: Shutting down and abandoning module SlateRHIRenderer (24)
[2018.05.05-21.45.36:565][642]LogModuleManager: Shutting down and abandoning module OpenGLDrv (22)
[2018.05.05-21.45.36:565][642]LogModuleManager: Shutting down and abandoning module D3D11RHI (20)
[2018.05.05-21.45.36:565][642]LogModuleManager: Shutting down and abandoning module AnimGraphRuntime (18)
[2018.05.05-21.45.36:565][642]LogModuleManager: Shutting down and abandoning module Renderer (16)
[2018.05.05-21.45.36:565][642]LogModuleManager: Shutting down and abandoning module Engine (14)
[2018.05.05-21.45.36:565][642]LogModuleManager: Shutting down and abandoning module CoreUObject (12)
[2018.05.05-21.45.36:565][642]LogModuleManager: Shutting down and abandoning module NetworkFile (10)
[2018.05.05-21.45.36:565][642]LogModuleManager: Shutting down and abandoning module CookedIterativeFile (8)
[2018.05.05-21.45.36:565][642]LogModuleManager: Shutting down and abandoning module StreamingFile (6)
[2018.05.05-21.45.36:565][642]LogModuleManager: Shutting down and abandoning module SandboxFile (4)
[2018.05.05-21.45.36:565][642]LogModuleManager: Shutting down and abandoning module PakFile (2)
[2018.05.05-21.45.36:567][642]LogExit: Exiting.
[2018.05.05-21.45.36:599][642]Log file closed, 05/05/18 22:45:36
